[2025-05-21 12:23:43] local.ERROR: could not find driver (Connection: pgsql, SQL: select exists (select 1 from pg_class c, pg_namespace n where n.nspname = current_schema() and c.relname = 'migrations' and c.relkind in ('r', 'p') and n.oid = c.relnamespace)) {"exception":"[object] (Illuminate\\Database\\QueryException(code: 0): could not find driver (Connection: pgsql, SQL: select exists (select 1 from pg_class c, pg_namespace n where n.nspname = current_schema() and c.relname = 'migrations' and c.relkind in ('r', 'p') and n.oid = c.relnamespace)) at C:\\Users\\JOHN MARK MAGDASAL\\OneDrive\\Desktop\\PHP\\DORMNEST_APP\\vendor\\laravel\\framework\\src\\Illuminate\\Database\\Connection.php:822)
[stacktrace]
#0 C:\\Users\\JOHN MARK MAGDASAL\\OneDrive\\Desktop\\PHP\\DORMNEST_APP\\vendor\\laravel\\framework\\src\\Illuminate\\Database\\Connection.php(776): Illuminate\\Database\\Connection->runQueryCallback('select exists (...', Array, Object(Closure))
#1 C:\\Users\\JOHN MARK MAGDASAL\\OneDrive\\Desktop\\PHP\\DORMNEST_APP\\vendor\\laravel\\framework\\src\\Illuminate\\Database\\Connection.php(395): Illuminate\\Database\\Connection->run('select exists (...', Array, Object(Closure))
#2 C:\\Users\\JOHN MARK MAGDASAL\\OneDrive\\Desktop\\PHP\\DORMNEST_APP\\vendor\\laravel\\framework\\src\\Illuminate\\Database\\Connection.php(341): Illuminate\\Database\\Connection->select('select exists (...', Array, true)
#3 C:\\Users\\JOHN MARK MAGDASAL\\OneDrive\\Desktop\\PHP\\DORMNEST_APP\\vendor\\laravel\\framework\\src\\Illuminate\\Database\\Connection.php(358): Illuminate\\Database\\Connection->selectOne('select exists (...', Array, true)
#4 C:\\Users\\JOHN MARK MAGDASAL\\OneDrive\\Desktop\\PHP\\DORMNEST_APP\\vendor\\laravel\\framework\\src\\Illuminate\\Database\\Schema\\Builder.php(174): Illuminate\\Database\\Connection->scalar('select exists (...')
#5 C:\\Users\\JOHN MARK MAGDASAL\\OneDrive\\Desktop\\PHP\\DORMNEST_APP\\vendor\\laravel\\framework\\src\\Illuminate\\Database\\Migrations\\DatabaseMigrationRepository.php(183): Illuminate\\Database\\Schema\\Builder->hasTable('migrations')
#6 C:\\Users\\JOHN MARK MAGDASAL\\OneDrive\\Desktop\\PHP\\DORMNEST_APP\\vendor\\laravel\\framework\\src\\Illuminate\\Database\\Migrations\\Migrator.php(749): Illuminate\\Database\\Migrations\\DatabaseMigrationRepository->repositoryExists()
#7 C:\\Users\\JOHN MARK MAGDASAL\\OneDrive\\Desktop\\PHP\\DORMNEST_APP\\vendor\\laravel\\framework\\src\\Illuminate\\Database\\Console\\Migrations\\MigrateCommand.php(164): Illuminate\\Database\\Migrations\\Migrator->repositoryExists()
#8 C:\\Users\\JOHN MARK MAGDASAL\\OneDrive\\Desktop\\PHP\\DORMNEST_APP\\vendor\\laravel\\framework\\src\\Illuminate\\Support\\helpers.php(338): Illuminate\\Database\\Console\\Migrations\\MigrateCommand->Illuminate\\Database\\Console\\Migrations\\{closure}(1)
#9 C:\\Users\\JOHN MARK MAGDASAL\\OneDrive\\Desktop\\PHP\\DORMNEST_APP\\vendor\\laravel\\framework\\src\\Illuminate\\Database\\Console\\Migrations\\MigrateCommand.php(164): retry(1, Object(Closure), 0, Object(Closure))
#10 C:\\Users\\JOHN MARK MAGDASAL\\OneDrive\\Desktop\\PHP\\DORMNEST_APP\\vendor\\laravel\\framework\\src\\Illuminate\\Database\\Console\\Migrations\\MigrateCommand.php(140): Illuminate\\Database\\Console\\Migrations\\MigrateCommand->repositoryExists()
#11 C:\\Users\\JOHN MARK MAGDASAL\\OneDrive\\Desktop\\PHP\\DORMNEST_APP\\vendor\\laravel\\framework\\src\\Illuminate\\Database\\Console\\Migrations\\MigrateCommand.php(110): Illuminate\\Database\\Console\\Migrations\\MigrateCommand->prepareDatabase()
#12 C:\\Users\\JOHN MARK MAGDASAL\\OneDrive\\Desktop\\PHP\\DORMNEST_APP\\vendor\\laravel\\framework\\src\\Illuminate\\Database\\Migrations\\Migrator.php(665): Illuminate\\Database\\Console\\Migrations\\MigrateCommand->Illuminate\\Database\\Console\\Migrations\\{closure}()
#13 C:\\Users\\JOHN MARK MAGDASAL\\OneDrive\\Desktop\\PHP\\DORMNEST_APP\\vendor\\laravel\\framework\\src\\Illuminate\\Database\\Console\\Migrations\\MigrateCommand.php(109): Illuminate\\Database\\Migrations\\Migrator->usingConnection(NULL, Object(Closure))
#14 C:\\Users\\JOHN MARK MAGDASAL\\OneDrive\\Desktop\\PHP\\DORMNEST_APP\\vendor\\laravel\\framework\\src\\Illuminate\\Database\\Console\\Migrations\\MigrateCommand.php(88): Illuminate\\Database\\Console\\Migrations\\MigrateCommand->runMigrations()
#15 C:\\Users\\JOHN MARK MAGDASAL\\OneDrive\\Desktop\\PHP\\DORMNEST_APP\\vendor\\laravel\\framework\\src\\Illuminate\\Container\\BoundMethod.php(36): Illuminate\\Database\\Console\\Migrations\\MigrateCommand->handle()
#16 C:\\Users\\JOHN MARK MAGDASAL\\OneDrive\\Desktop\\PHP\\DORMNEST_APP\\vendor\\laravel\\framework\\src\\Illuminate\\Container\\Util.php(43): Illuminate\\Container\\BoundMethod::Illuminate\\Container\\{closure}()
#17 C:\\Users\\JOHN MARK MAGDASAL\\OneDrive\\Desktop\\PHP\\DORMNEST_APP\\vendor\\laravel\\framework\\src\\Illuminate\\Container\\BoundMethod.php(96): Illuminate\\Container\\Util::unwrapIfClosure(Object(Closure))
#18 C:\\Users\\JOHN MARK MAGDASAL\\OneDrive\\Desktop\\PHP\\DORMNEST_APP\\vendor\\laravel\\framework\\src\\Illuminate\\Container\\BoundMethod.php(35): Illuminate\\Container\\BoundMethod::callBoundMethod(Object(Illuminate\\Foundation\\Application), Array, Object(Closure))
#19 C:\\Users\\JOHN MARK MAGDASAL\\OneDrive\\Desktop\\PHP\\DORMNEST_APP\\vendor\\laravel\\framework\\src\\Illuminate\\Container\\Container.php(754): Illuminate\\Container\\BoundMethod::call(Object(Illuminate\\Foundation\\Application), Array, Array, NULL)
#20 C:\\Users\\JOHN MARK MAGDASAL\\OneDrive\\Desktop\\PHP\\DORMNEST_APP\\vendor\\laravel\\framework\\src\\Illuminate\\Console\\Command.php(211): Illuminate\\Container\\Container->call(Array)
#21 C:\\Users\\JOHN MARK MAGDASAL\\OneDrive\\Desktop\\PHP\\DORMNEST_APP\\vendor\\symfony\\console\\Command\\Command.php(279): Illuminate\\Console\\Command->execute(Object(Symfony\\Component\\Console\\Input\\ArgvInput), Object(Illuminate\\Console\\OutputStyle))
#22 C:\\Users\\JOHN MARK MAGDASAL\\OneDrive\\Desktop\\PHP\\DORMNEST_APP\\vendor\\laravel\\framework\\src\\Illuminate\\Console\\Command.php(180): Symfony\\Component\\Console\\Command\\Command->run(Object(Symfony\\Component\\Console\\Input\\ArgvInput), Object(Illuminate\\Console\\OutputStyle))
#23 C:\\Users\\JOHN MARK MAGDASAL\\OneDrive\\Desktop\\PHP\\DORMNEST_APP\\vendor\\symfony\\console\\Application.php(1094): Illuminate\\Console\\Command->run(Object(Symfony\\Component\\Console\\Input\\ArgvInput), Object(Symfony\\Component\\Console\\Output\\ConsoleOutput))
#24 C:\\Users\\JOHN MARK MAGDASAL\\OneDrive\\Desktop\\PHP\\DORMNEST_APP\\vendor\\symfony\\console\\Application.php(342): Symfony\\Component\\Console\\Application->doRunCommand(Object(Illuminate\\Database\\Console\\Migrations\\MigrateCommand), Object(Symfony\\Component\\Console\\Input\\ArgvInput), Object(Symfony\\Component\\Console\\Output\\ConsoleOutput))
#25 C:\\Users\\JOHN MARK MAGDASAL\\OneDrive\\Desktop\\PHP\\DORMNEST_APP\\vendor\\symfony\\console\\Application.php(193): Symfony\\Component\\Console\\Application->doRun(Object(Symfony\\Component\\Console\\Input\\ArgvInput), Object(Symfony\\Component\\Console\\Output\\ConsoleOutput))
#26 C:\\Users\\JOHN MARK MAGDASAL\\OneDrive\\Desktop\\PHP\\DORMNEST_APP\\vendor\\laravel\\framework\\src\\Illuminate\\Foundation\\Console\\Kernel.php(197): Symfony\\Component\\Console\\Application->run(Object(Symfony\\Component\\Console\\Input\\ArgvInput), Object(Symfony\\Component\\Console\\Output\\ConsoleOutput))
#27 C:\\Users\\JOHN MARK MAGDASAL\\OneDrive\\Desktop\\PHP\\DORMNEST_APP\\vendor\\laravel\\framework\\src\\Illuminate\\Foundation\\Application.php(1234): Illuminate\\Foundation\\Console\\Kernel->handle(Object(Symfony\\Component\\Console\\Input\\ArgvInput), Object(Symfony\\Component\\Console\\Output\\ConsoleOutput))
#28 C:\\Users\\JOHN MARK MAGDASAL\\OneDrive\\Desktop\\PHP\\DORMNEST_APP\\artisan(16): Illuminate\\Foundation\\Application->handleCommand(Object(Symfony\\Component\\Console\\Input\\ArgvInput))
#29 {main}

[previous exception] [object] (PDOException(code: 0): could not find driver at C:\\Users\\JOHN MARK MAGDASAL\\OneDrive\\Desktop\\PHP\\DORMNEST_APP\\vendor\\laravel\\framework\\src\\Illuminate\\Database\\Connectors\\Connector.php:66)
[stacktrace]
#0 C:\\Users\\JOHN MARK MAGDASAL\\OneDrive\\Desktop\\PHP\\DORMNEST_APP\\vendor\\laravel\\framework\\src\\Illuminate\\Database\\Connectors\\Connector.php(66): PDO->__construct('pgsql:host=127....', 'root', Object(SensitiveParameterValue), Array)
#1 C:\\Users\\JOHN MARK MAGDASAL\\OneDrive\\Desktop\\PHP\\DORMNEST_APP\\vendor\\laravel\\framework\\src\\Illuminate\\Database\\Connectors\\Connector.php(44): Illuminate\\Database\\Connectors\\Connector->createPdoConnection('pgsql:host=127....', 'root', Object(SensitiveParameterValue), Array)
#2 C:\\Users\\JOHN MARK MAGDASAL\\OneDrive\\Desktop\\PHP\\DORMNEST_APP\\vendor\\laravel\\framework\\src\\Illuminate\\Database\\Connectors\\PostgresConnector.php(35): Illuminate\\Database\\Connectors\\Connector->createConnection('pgsql:host=127....', Array, Array)
#3 C:\\Users\\JOHN MARK MAGDASAL\\OneDrive\\Desktop\\PHP\\DORMNEST_APP\\vendor\\laravel\\framework\\src\\Illuminate\\Database\\Connectors\\ConnectionFactory.php(184): Illuminate\\Database\\Connectors\\PostgresConnector->connect(Array)
#4 [internal function]: Illuminate\\Database\\Connectors\\ConnectionFactory->Illuminate\\Database\\Connectors\\{closure}()
#5 C:\\Users\\JOHN MARK MAGDASAL\\OneDrive\\Desktop\\PHP\\DORMNEST_APP\\vendor\\laravel\\framework\\src\\Illuminate\\Database\\Connection.php(1228): call_user_func(Object(Closure))
#6 C:\\Users\\JOHN MARK MAGDASAL\\OneDrive\\Desktop\\PHP\\DORMNEST_APP\\vendor\\laravel\\framework\\src\\Illuminate\\Database\\Connection.php(1264): Illuminate\\Database\\Connection->getPdo()
#7 C:\\Users\\JOHN MARK MAGDASAL\\OneDrive\\Desktop\\PHP\\DORMNEST_APP\\vendor\\laravel\\framework\\src\\Illuminate\\Database\\Connection.php(509): Illuminate\\Database\\Connection->getReadPdo()
#8 C:\\Users\\JOHN MARK MAGDASAL\\OneDrive\\Desktop\\PHP\\DORMNEST_APP\\vendor\\laravel\\framework\\src\\Illuminate\\Database\\Connection.php(404): Illuminate\\Database\\Connection->getPdoForSelect(true)
#9 C:\\Users\\JOHN MARK MAGDASAL\\OneDrive\\Desktop\\PHP\\DORMNEST_APP\\vendor\\laravel\\framework\\src\\Illuminate\\Database\\Connection.php(809): Illuminate\\Database\\Connection->Illuminate\\Database\\{closure}('select exists (...', Array)
#10 C:\\Users\\JOHN MARK MAGDASAL\\OneDrive\\Desktop\\PHP\\DORMNEST_APP\\vendor\\laravel\\framework\\src\\Illuminate\\Database\\Connection.php(776): Illuminate\\Database\\Connection->runQueryCallback('select exists (...', Array, Object(Closure))
#11 C:\\Users\\JOHN MARK MAGDASAL\\OneDrive\\Desktop\\PHP\\DORMNEST_APP\\vendor\\laravel\\framework\\src\\Illuminate\\Database\\Connection.php(395): Illuminate\\Database\\Connection->run('select exists (...', Array, Object(Closure))
#12 C:\\Users\\JOHN MARK MAGDASAL\\OneDrive\\Desktop\\PHP\\DORMNEST_APP\\vendor\\laravel\\framework\\src\\Illuminate\\Database\\Connection.php(341): Illuminate\\Database\\Connection->select('select exists (...', Array, true)
#13 C:\\Users\\JOHN MARK MAGDASAL\\OneDrive\\Desktop\\PHP\\DORMNEST_APP\\vendor\\laravel\\framework\\src\\Illuminate\\Database\\Connection.php(358): Illuminate\\Database\\Connection->selectOne('select exists (...', Array, true)
#14 C:\\Users\\JOHN MARK MAGDASAL\\OneDrive\\Desktop\\PHP\\DORMNEST_APP\\vendor\\laravel\\framework\\src\\Illuminate\\Database\\Schema\\Builder.php(174): Illuminate\\Database\\Connection->scalar('select exists (...')
#15 C:\\Users\\JOHN MARK MAGDASAL\\OneDrive\\Desktop\\PHP\\DORMNEST_APP\\vendor\\laravel\\framework\\src\\Illuminate\\Database\\Migrations\\DatabaseMigrationRepository.php(183): Illuminate\\Database\\Schema\\Builder->hasTable('migrations')
#16 C:\\Users\\JOHN MARK MAGDASAL\\OneDrive\\Desktop\\PHP\\DORMNEST_APP\\vendor\\laravel\\framework\\src\\Illuminate\\Database\\Migrations\\Migrator.php(749): Illuminate\\Database\\Migrations\\DatabaseMigrationRepository->repositoryExists()
#17 C:\\Users\\JOHN MARK MAGDASAL\\OneDrive\\Desktop\\PHP\\DORMNEST_APP\\vendor\\laravel\\framework\\src\\Illuminate\\Database\\Console\\Migrations\\MigrateCommand.php(164): Illuminate\\Database\\Migrations\\Migrator->repositoryExists()
#18 C:\\Users\\JOHN MARK MAGDASAL\\OneDrive\\Desktop\\PHP\\DORMNEST_APP\\vendor\\laravel\\framework\\src\\Illuminate\\Support\\helpers.php(338): Illuminate\\Database\\Console\\Migrations\\MigrateCommand->Illuminate\\Database\\Console\\Migrations\\{closure}(1)
#19 C:\\Users\\JOHN MARK MAGDASAL\\OneDrive\\Desktop\\PHP\\DORMNEST_APP\\vendor\\laravel\\framework\\src\\Illuminate\\Database\\Console\\Migrations\\MigrateCommand.php(164): retry(1, Object(Closure), 0, Object(Closure))
#20 C:\\Users\\JOHN MARK MAGDASAL\\OneDrive\\Desktop\\PHP\\DORMNEST_APP\\vendor\\laravel\\framework\\src\\Illuminate\\Database\\Console\\Migrations\\MigrateCommand.php(140): Illuminate\\Database\\Console\\Migrations\\MigrateCommand->repositoryExists()
#21 C:\\Users\\JOHN MARK MAGDASAL\\OneDrive\\Desktop\\PHP\\DORMNEST_APP\\vendor\\laravel\\framework\\src\\Illuminate\\Database\\Console\\Migrations\\MigrateCommand.php(110): Illuminate\\Database\\Console\\Migrations\\MigrateCommand->prepareDatabase()
#22 C:\\Users\\JOHN MARK MAGDASAL\\OneDrive\\Desktop\\PHP\\DORMNEST_APP\\vendor\\laravel\\framework\\src\\Illuminate\\Database\\Migrations\\Migrator.php(665): Illuminate\\Database\\Console\\Migrations\\MigrateCommand->Illuminate\\Database\\Console\\Migrations\\{closure}()
#23 C:\\Users\\JOHN MARK MAGDASAL\\OneDrive\\Desktop\\PHP\\DORMNEST_APP\\vendor\\laravel\\framework\\src\\Illuminate\\Database\\Console\\Migrations\\MigrateCommand.php(109): Illuminate\\Database\\Migrations\\Migrator->usingConnection(NULL, Object(Closure))
#24 C:\\Users\\JOHN MARK MAGDASAL\\OneDrive\\Desktop\\PHP\\DORMNEST_APP\\vendor\\laravel\\framework\\src\\Illuminate\\Database\\Console\\Migrations\\MigrateCommand.php(88): Illuminate\\Database\\Console\\Migrations\\MigrateCommand->runMigrations()
#25 C:\\Users\\JOHN MARK MAGDASAL\\OneDrive\\Desktop\\PHP\\DORMNEST_APP\\vendor\\laravel\\framework\\src\\Illuminate\\Container\\BoundMethod.php(36): Illuminate\\Database\\Console\\Migrations\\MigrateCommand->handle()
#26 C:\\Users\\JOHN MARK MAGDASAL\\OneDrive\\Desktop\\PHP\\DORMNEST_APP\\vendor\\laravel\\framework\\src\\Illuminate\\Container\\Util.php(43): Illuminate\\Container\\BoundMethod::Illuminate\\Container\\{closure}()
#27 C:\\Users\\JOHN MARK MAGDASAL\\OneDrive\\Desktop\\PHP\\DORMNEST_APP\\vendor\\laravel\\framework\\src\\Illuminate\\Container\\BoundMethod.php(96): Illuminate\\Container\\Util::unwrapIfClosure(Object(Closure))
#28 C:\\Users\\JOHN MARK MAGDASAL\\OneDrive\\Desktop\\PHP\\DORMNEST_APP\\vendor\\laravel\\framework\\src\\Illuminate\\Container\\BoundMethod.php(35): Illuminate\\Container\\BoundMethod::callBoundMethod(Object(Illuminate\\Foundation\\Application), Array, Object(Closure))
#29 C:\\Users\\JOHN MARK MAGDASAL\\OneDrive\\Desktop\\PHP\\DORMNEST_APP\\vendor\\laravel\\framework\\src\\Illuminate\\Container\\Container.php(754): Illuminate\\Container\\BoundMethod::call(Object(Illuminate\\Foundation\\Application), Array, Array, NULL)
#30 C:\\Users\\JOHN MARK MAGDASAL\\OneDrive\\Desktop\\PHP\\DORMNEST_APP\\vendor\\laravel\\framework\\src\\Illuminate\\Console\\Command.php(211): Illuminate\\Container\\Container->call(Array)
#31 C:\\Users\\JOHN MARK MAGDASAL\\OneDrive\\Desktop\\PHP\\DORMNEST_APP\\vendor\\symfony\\console\\Command\\Command.php(279): Illuminate\\Console\\Command->execute(Object(Symfony\\Component\\Console\\Input\\ArgvInput), Object(Illuminate\\Console\\OutputStyle))
#32 C:\\Users\\JOHN MARK MAGDASAL\\OneDrive\\Desktop\\PHP\\DORMNEST_APP\\vendor\\laravel\\framework\\src\\Illuminate\\Console\\Command.php(180): Symfony\\Component\\Console\\Command\\Command->run(Object(Symfony\\Component\\Console\\Input\\ArgvInput), Object(Illuminate\\Console\\OutputStyle))
#33 C:\\Users\\JOHN MARK MAGDASAL\\OneDrive\\Desktop\\PHP\\DORMNEST_APP\\vendor\\symfony\\console\\Application.php(1094): Illuminate\\Console\\Command->run(Object(Symfony\\Component\\Console\\Input\\ArgvInput), Object(Symfony\\Component\\Console\\Output\\ConsoleOutput))
#34 C:\\Users\\JOHN MARK MAGDASAL\\OneDrive\\Desktop\\PHP\\DORMNEST_APP\\vendor\\symfony\\console\\Application.php(342): Symfony\\Component\\Console\\Application->doRunCommand(Object(Illuminate\\Database\\Console\\Migrations\\MigrateCommand), Object(Symfony\\Component\\Console\\Input\\ArgvInput), Object(Symfony\\Component\\Console\\Output\\ConsoleOutput))
#35 C:\\Users\\JOHN MARK MAGDASAL\\OneDrive\\Desktop\\PHP\\DORMNEST_APP\\vendor\\symfony\\console\\Application.php(193): Symfony\\Component\\Console\\Application->doRun(Object(Symfony\\Component\\Console\\Input\\ArgvInput), Object(Symfony\\Component\\Console\\Output\\ConsoleOutput))
#36 C:\\Users\\JOHN MARK MAGDASAL\\OneDrive\\Desktop\\PHP\\DORMNEST_APP\\vendor\\laravel\\framework\\src\\Illuminate\\Foundation\\Console\\Kernel.php(197): Symfony\\Component\\Console\\Application->run(Object(Symfony\\Component\\Console\\Input\\ArgvInput), Object(Symfony\\Component\\Console\\Output\\ConsoleOutput))
#37 C:\\Users\\JOHN MARK MAGDASAL\\OneDrive\\Desktop\\PHP\\DORMNEST_APP\\vendor\\laravel\\framework\\src\\Illuminate\\Foundation\\Application.php(1234): Illuminate\\Foundation\\Console\\Kernel->handle(Object(Symfony\\Component\\Console\\Input\\ArgvInput), Object(Symfony\\Component\\Console\\Output\\ConsoleOutput))
#38 C:\\Users\\JOHN MARK MAGDASAL\\OneDrive\\Desktop\\PHP\\DORMNEST_APP\\artisan(16): Illuminate\\Foundation\\Application->handleCommand(Object(Symfony\\Component\\Console\\Input\\ArgvInput))
#39 {main}
"} 
[2025-05-21 12:24:20] local.ERROR: could not find driver (Connection: pgsql, SQL: select exists (select 1 from pg_class c, pg_namespace n where n.nspname = current_schema() and c.relname = 'migrations' and c.relkind in ('r', 'p') and n.oid = c.relnamespace)) {"exception":"[object] (Illuminate\\Database\\QueryException(code: 0): could not find driver (Connection: pgsql, SQL: select exists (select 1 from pg_class c, pg_namespace n where n.nspname = current_schema() and c.relname = 'migrations' and c.relkind in ('r', 'p') and n.oid = c.relnamespace)) at C:\\Users\\JOHN MARK MAGDASAL\\OneDrive\\Desktop\\PHP\\DORMNEST_APP\\vendor\\laravel\\framework\\src\\Illuminate\\Database\\Connection.php:822)
[stacktrace]
#0 C:\\Users\\JOHN MARK MAGDASAL\\OneDrive\\Desktop\\PHP\\DORMNEST_APP\\vendor\\laravel\\framework\\src\\Illuminate\\Database\\Connection.php(776): Illuminate\\Database\\Connection->runQueryCallback('select exists (...', Array, Object(Closure))
#1 C:\\Users\\JOHN MARK MAGDASAL\\OneDrive\\Desktop\\PHP\\DORMNEST_APP\\vendor\\laravel\\framework\\src\\Illuminate\\Database\\Connection.php(395): Illuminate\\Database\\Connection->run('select exists (...', Array, Object(Closure))
#2 C:\\Users\\JOHN MARK MAGDASAL\\OneDrive\\Desktop\\PHP\\DORMNEST_APP\\vendor\\laravel\\framework\\src\\Illuminate\\Database\\Connection.php(341): Illuminate\\Database\\Connection->select('select exists (...', Array, true)
#3 C:\\Users\\JOHN MARK MAGDASAL\\OneDrive\\Desktop\\PHP\\DORMNEST_APP\\vendor\\laravel\\framework\\src\\Illuminate\\Database\\Connection.php(358): Illuminate\\Database\\Connection->selectOne('select exists (...', Array, true)
#4 C:\\Users\\JOHN MARK MAGDASAL\\OneDrive\\Desktop\\PHP\\DORMNEST_APP\\vendor\\laravel\\framework\\src\\Illuminate\\Database\\Schema\\Builder.php(174): Illuminate\\Database\\Connection->scalar('select exists (...')
#5 C:\\Users\\JOHN MARK MAGDASAL\\OneDrive\\Desktop\\PHP\\DORMNEST_APP\\vendor\\laravel\\framework\\src\\Illuminate\\Database\\Migrations\\DatabaseMigrationRepository.php(183): Illuminate\\Database\\Schema\\Builder->hasTable('migrations')
#6 C:\\Users\\JOHN MARK MAGDASAL\\OneDrive\\Desktop\\PHP\\DORMNEST_APP\\vendor\\laravel\\framework\\src\\Illuminate\\Database\\Migrations\\Migrator.php(749): Illuminate\\Database\\Migrations\\DatabaseMigrationRepository->repositoryExists()
#7 C:\\Users\\JOHN MARK MAGDASAL\\OneDrive\\Desktop\\PHP\\DORMNEST_APP\\vendor\\laravel\\framework\\src\\Illuminate\\Database\\Console\\Migrations\\MigrateCommand.php(164): Illuminate\\Database\\Migrations\\Migrator->repositoryExists()
#8 C:\\Users\\JOHN MARK MAGDASAL\\OneDrive\\Desktop\\PHP\\DORMNEST_APP\\vendor\\laravel\\framework\\src\\Illuminate\\Support\\helpers.php(338): Illuminate\\Database\\Console\\Migrations\\MigrateCommand->Illuminate\\Database\\Console\\Migrations\\{closure}(1)
#9 C:\\Users\\JOHN MARK MAGDASAL\\OneDrive\\Desktop\\PHP\\DORMNEST_APP\\vendor\\laravel\\framework\\src\\Illuminate\\Database\\Console\\Migrations\\MigrateCommand.php(164): retry(1, Object(Closure), 0, Object(Closure))
#10 C:\\Users\\JOHN MARK MAGDASAL\\OneDrive\\Desktop\\PHP\\DORMNEST_APP\\vendor\\laravel\\framework\\src\\Illuminate\\Database\\Console\\Migrations\\MigrateCommand.php(140): Illuminate\\Database\\Console\\Migrations\\MigrateCommand->repositoryExists()
#11 C:\\Users\\JOHN MARK MAGDASAL\\OneDrive\\Desktop\\PHP\\DORMNEST_APP\\vendor\\laravel\\framework\\src\\Illuminate\\Database\\Console\\Migrations\\MigrateCommand.php(110): Illuminate\\Database\\Console\\Migrations\\MigrateCommand->prepareDatabase()
#12 C:\\Users\\JOHN MARK MAGDASAL\\OneDrive\\Desktop\\PHP\\DORMNEST_APP\\vendor\\laravel\\framework\\src\\Illuminate\\Database\\Migrations\\Migrator.php(665): Illuminate\\Database\\Console\\Migrations\\MigrateCommand->Illuminate\\Database\\Console\\Migrations\\{closure}()
#13 C:\\Users\\JOHN MARK MAGDASAL\\OneDrive\\Desktop\\PHP\\DORMNEST_APP\\vendor\\laravel\\framework\\src\\Illuminate\\Database\\Console\\Migrations\\MigrateCommand.php(109): Illuminate\\Database\\Migrations\\Migrator->usingConnection(NULL, Object(Closure))
#14 C:\\Users\\JOHN MARK MAGDASAL\\OneDrive\\Desktop\\PHP\\DORMNEST_APP\\vendor\\laravel\\framework\\src\\Illuminate\\Database\\Console\\Migrations\\MigrateCommand.php(88): Illuminate\\Database\\Console\\Migrations\\MigrateCommand->runMigrations()
#15 C:\\Users\\JOHN MARK MAGDASAL\\OneDrive\\Desktop\\PHP\\DORMNEST_APP\\vendor\\laravel\\framework\\src\\Illuminate\\Container\\BoundMethod.php(36): Illuminate\\Database\\Console\\Migrations\\MigrateCommand->handle()
#16 C:\\Users\\JOHN MARK MAGDASAL\\OneDrive\\Desktop\\PHP\\DORMNEST_APP\\vendor\\laravel\\framework\\src\\Illuminate\\Container\\Util.php(43): Illuminate\\Container\\BoundMethod::Illuminate\\Container\\{closure}()
#17 C:\\Users\\JOHN MARK MAGDASAL\\OneDrive\\Desktop\\PHP\\DORMNEST_APP\\vendor\\laravel\\framework\\src\\Illuminate\\Container\\BoundMethod.php(96): Illuminate\\Container\\Util::unwrapIfClosure(Object(Closure))
#18 C:\\Users\\JOHN MARK MAGDASAL\\OneDrive\\Desktop\\PHP\\DORMNEST_APP\\vendor\\laravel\\framework\\src\\Illuminate\\Container\\BoundMethod.php(35): Illuminate\\Container\\BoundMethod::callBoundMethod(Object(Illuminate\\Foundation\\Application), Array, Object(Closure))
#19 C:\\Users\\JOHN MARK MAGDASAL\\OneDrive\\Desktop\\PHP\\DORMNEST_APP\\vendor\\laravel\\framework\\src\\Illuminate\\Container\\Container.php(754): Illuminate\\Container\\BoundMethod::call(Object(Illuminate\\Foundation\\Application), Array, Array, NULL)
#20 C:\\Users\\JOHN MARK MAGDASAL\\OneDrive\\Desktop\\PHP\\DORMNEST_APP\\vendor\\laravel\\framework\\src\\Illuminate\\Console\\Command.php(211): Illuminate\\Container\\Container->call(Array)
#21 C:\\Users\\JOHN MARK MAGDASAL\\OneDrive\\Desktop\\PHP\\DORMNEST_APP\\vendor\\symfony\\console\\Command\\Command.php(279): Illuminate\\Console\\Command->execute(Object(Symfony\\Component\\Console\\Input\\ArgvInput), Object(Illuminate\\Console\\OutputStyle))
#22 C:\\Users\\JOHN MARK MAGDASAL\\OneDrive\\Desktop\\PHP\\DORMNEST_APP\\vendor\\laravel\\framework\\src\\Illuminate\\Console\\Command.php(180): Symfony\\Component\\Console\\Command\\Command->run(Object(Symfony\\Component\\Console\\Input\\ArgvInput), Object(Illuminate\\Console\\OutputStyle))
#23 C:\\Users\\JOHN MARK MAGDASAL\\OneDrive\\Desktop\\PHP\\DORMNEST_APP\\vendor\\symfony\\console\\Application.php(1094): Illuminate\\Console\\Command->run(Object(Symfony\\Component\\Console\\Input\\ArgvInput), Object(Symfony\\Component\\Console\\Output\\ConsoleOutput))
#24 C:\\Users\\JOHN MARK MAGDASAL\\OneDrive\\Desktop\\PHP\\DORMNEST_APP\\vendor\\symfony\\console\\Application.php(342): Symfony\\Component\\Console\\Application->doRunCommand(Object(Illuminate\\Database\\Console\\Migrations\\MigrateCommand), Object(Symfony\\Component\\Console\\Input\\ArgvInput), Object(Symfony\\Component\\Console\\Output\\ConsoleOutput))
#25 C:\\Users\\JOHN MARK MAGDASAL\\OneDrive\\Desktop\\PHP\\DORMNEST_APP\\vendor\\symfony\\console\\Application.php(193): Symfony\\Component\\Console\\Application->doRun(Object(Symfony\\Component\\Console\\Input\\ArgvInput), Object(Symfony\\Component\\Console\\Output\\ConsoleOutput))
#26 C:\\Users\\JOHN MARK MAGDASAL\\OneDrive\\Desktop\\PHP\\DORMNEST_APP\\vendor\\laravel\\framework\\src\\Illuminate\\Foundation\\Console\\Kernel.php(197): Symfony\\Component\\Console\\Application->run(Object(Symfony\\Component\\Console\\Input\\ArgvInput), Object(Symfony\\Component\\Console\\Output\\ConsoleOutput))
#27 C:\\Users\\JOHN MARK MAGDASAL\\OneDrive\\Desktop\\PHP\\DORMNEST_APP\\vendor\\laravel\\framework\\src\\Illuminate\\Foundation\\Application.php(1234): Illuminate\\Foundation\\Console\\Kernel->handle(Object(Symfony\\Component\\Console\\Input\\ArgvInput), Object(Symfony\\Component\\Console\\Output\\ConsoleOutput))
#28 C:\\Users\\JOHN MARK MAGDASAL\\OneDrive\\Desktop\\PHP\\DORMNEST_APP\\artisan(16): Illuminate\\Foundation\\Application->handleCommand(Object(Symfony\\Component\\Console\\Input\\ArgvInput))
#29 {main}

[previous exception] [object] (PDOException(code: 0): could not find driver at C:\\Users\\JOHN MARK MAGDASAL\\OneDrive\\Desktop\\PHP\\DORMNEST_APP\\vendor\\laravel\\framework\\src\\Illuminate\\Database\\Connectors\\Connector.php:66)
[stacktrace]
#0 C:\\Users\\JOHN MARK MAGDASAL\\OneDrive\\Desktop\\PHP\\DORMNEST_APP\\vendor\\laravel\\framework\\src\\Illuminate\\Database\\Connectors\\Connector.php(66): PDO->__construct('pgsql:host=127....', 'root', Object(SensitiveParameterValue), Array)
#1 C:\\Users\\JOHN MARK MAGDASAL\\OneDrive\\Desktop\\PHP\\DORMNEST_APP\\vendor\\laravel\\framework\\src\\Illuminate\\Database\\Connectors\\Connector.php(44): Illuminate\\Database\\Connectors\\Connector->createPdoConnection('pgsql:host=127....', 'root', Object(SensitiveParameterValue), Array)
#2 C:\\Users\\JOHN MARK MAGDASAL\\OneDrive\\Desktop\\PHP\\DORMNEST_APP\\vendor\\laravel\\framework\\src\\Illuminate\\Database\\Connectors\\PostgresConnector.php(35): Illuminate\\Database\\Connectors\\Connector->createConnection('pgsql:host=127....', Array, Array)
#3 C:\\Users\\JOHN MARK MAGDASAL\\OneDrive\\Desktop\\PHP\\DORMNEST_APP\\vendor\\laravel\\framework\\src\\Illuminate\\Database\\Connectors\\ConnectionFactory.php(184): Illuminate\\Database\\Connectors\\PostgresConnector->connect(Array)
#4 [internal function]: Illuminate\\Database\\Connectors\\ConnectionFactory->Illuminate\\Database\\Connectors\\{closure}()
#5 C:\\Users\\JOHN MARK MAGDASAL\\OneDrive\\Desktop\\PHP\\DORMNEST_APP\\vendor\\laravel\\framework\\src\\Illuminate\\Database\\Connection.php(1228): call_user_func(Object(Closure))
#6 C:\\Users\\JOHN MARK MAGDASAL\\OneDrive\\Desktop\\PHP\\DORMNEST_APP\\vendor\\laravel\\framework\\src\\Illuminate\\Database\\Connection.php(1264): Illuminate\\Database\\Connection->getPdo()
#7 C:\\Users\\JOHN MARK MAGDASAL\\OneDrive\\Desktop\\PHP\\DORMNEST_APP\\vendor\\laravel\\framework\\src\\Illuminate\\Database\\Connection.php(509): Illuminate\\Database\\Connection->getReadPdo()
#8 C:\\Users\\JOHN MARK MAGDASAL\\OneDrive\\Desktop\\PHP\\DORMNEST_APP\\vendor\\laravel\\framework\\src\\Illuminate\\Database\\Connection.php(404): Illuminate\\Database\\Connection->getPdoForSelect(true)
#9 C:\\Users\\JOHN MARK MAGDASAL\\OneDrive\\Desktop\\PHP\\DORMNEST_APP\\vendor\\laravel\\framework\\src\\Illuminate\\Database\\Connection.php(809): Illuminate\\Database\\Connection->Illuminate\\Database\\{closure}('select exists (...', Array)
#10 C:\\Users\\JOHN MARK MAGDASAL\\OneDrive\\Desktop\\PHP\\DORMNEST_APP\\vendor\\laravel\\framework\\src\\Illuminate\\Database\\Connection.php(776): Illuminate\\Database\\Connection->runQueryCallback('select exists (...', Array, Object(Closure))
#11 C:\\Users\\JOHN MARK MAGDASAL\\OneDrive\\Desktop\\PHP\\DORMNEST_APP\\vendor\\laravel\\framework\\src\\Illuminate\\Database\\Connection.php(395): Illuminate\\Database\\Connection->run('select exists (...', Array, Object(Closure))
#12 C:\\Users\\JOHN MARK MAGDASAL\\OneDrive\\Desktop\\PHP\\DORMNEST_APP\\vendor\\laravel\\framework\\src\\Illuminate\\Database\\Connection.php(341): Illuminate\\Database\\Connection->select('select exists (...', Array, true)
#13 C:\\Users\\JOHN MARK MAGDASAL\\OneDrive\\Desktop\\PHP\\DORMNEST_APP\\vendor\\laravel\\framework\\src\\Illuminate\\Database\\Connection.php(358): Illuminate\\Database\\Connection->selectOne('select exists (...', Array, true)
#14 C:\\Users\\JOHN MARK MAGDASAL\\OneDrive\\Desktop\\PHP\\DORMNEST_APP\\vendor\\laravel\\framework\\src\\Illuminate\\Database\\Schema\\Builder.php(174): Illuminate\\Database\\Connection->scalar('select exists (...')
#15 C:\\Users\\JOHN MARK MAGDASAL\\OneDrive\\Desktop\\PHP\\DORMNEST_APP\\vendor\\laravel\\framework\\src\\Illuminate\\Database\\Migrations\\DatabaseMigrationRepository.php(183): Illuminate\\Database\\Schema\\Builder->hasTable('migrations')
#16 C:\\Users\\JOHN MARK MAGDASAL\\OneDrive\\Desktop\\PHP\\DORMNEST_APP\\vendor\\laravel\\framework\\src\\Illuminate\\Database\\Migrations\\Migrator.php(749): Illuminate\\Database\\Migrations\\DatabaseMigrationRepository->repositoryExists()
#17 C:\\Users\\JOHN MARK MAGDASAL\\OneDrive\\Desktop\\PHP\\DORMNEST_APP\\vendor\\laravel\\framework\\src\\Illuminate\\Database\\Console\\Migrations\\MigrateCommand.php(164): Illuminate\\Database\\Migrations\\Migrator->repositoryExists()
#18 C:\\Users\\JOHN MARK MAGDASAL\\OneDrive\\Desktop\\PHP\\DORMNEST_APP\\vendor\\laravel\\framework\\src\\Illuminate\\Support\\helpers.php(338): Illuminate\\Database\\Console\\Migrations\\MigrateCommand->Illuminate\\Database\\Console\\Migrations\\{closure}(1)
#19 C:\\Users\\JOHN MARK MAGDASAL\\OneDrive\\Desktop\\PHP\\DORMNEST_APP\\vendor\\laravel\\framework\\src\\Illuminate\\Database\\Console\\Migrations\\MigrateCommand.php(164): retry(1, Object(Closure), 0, Object(Closure))
#20 C:\\Users\\JOHN MARK MAGDASAL\\OneDrive\\Desktop\\PHP\\DORMNEST_APP\\vendor\\laravel\\framework\\src\\Illuminate\\Database\\Console\\Migrations\\MigrateCommand.php(140): Illuminate\\Database\\Console\\Migrations\\MigrateCommand->repositoryExists()
#21 C:\\Users\\JOHN MARK MAGDASAL\\OneDrive\\Desktop\\PHP\\DORMNEST_APP\\vendor\\laravel\\framework\\src\\Illuminate\\Database\\Console\\Migrations\\MigrateCommand.php(110): Illuminate\\Database\\Console\\Migrations\\MigrateCommand->prepareDatabase()
#22 C:\\Users\\JOHN MARK MAGDASAL\\OneDrive\\Desktop\\PHP\\DORMNEST_APP\\vendor\\laravel\\framework\\src\\Illuminate\\Database\\Migrations\\Migrator.php(665): Illuminate\\Database\\Console\\Migrations\\MigrateCommand->Illuminate\\Database\\Console\\Migrations\\{closure}()
#23 C:\\Users\\JOHN MARK MAGDASAL\\OneDrive\\Desktop\\PHP\\DORMNEST_APP\\vendor\\laravel\\framework\\src\\Illuminate\\Database\\Console\\Migrations\\MigrateCommand.php(109): Illuminate\\Database\\Migrations\\Migrator->usingConnection(NULL, Object(Closure))
#24 C:\\Users\\JOHN MARK MAGDASAL\\OneDrive\\Desktop\\PHP\\DORMNEST_APP\\vendor\\laravel\\framework\\src\\Illuminate\\Database\\Console\\Migrations\\MigrateCommand.php(88): Illuminate\\Database\\Console\\Migrations\\MigrateCommand->runMigrations()
#25 C:\\Users\\JOHN MARK MAGDASAL\\OneDrive\\Desktop\\PHP\\DORMNEST_APP\\vendor\\laravel\\framework\\src\\Illuminate\\Container\\BoundMethod.php(36): Illuminate\\Database\\Console\\Migrations\\MigrateCommand->handle()
#26 C:\\Users\\JOHN MARK MAGDASAL\\OneDrive\\Desktop\\PHP\\DORMNEST_APP\\vendor\\laravel\\framework\\src\\Illuminate\\Container\\Util.php(43): Illuminate\\Container\\BoundMethod::Illuminate\\Container\\{closure}()
#27 C:\\Users\\JOHN MARK MAGDASAL\\OneDrive\\Desktop\\PHP\\DORMNEST_APP\\vendor\\laravel\\framework\\src\\Illuminate\\Container\\BoundMethod.php(96): Illuminate\\Container\\Util::unwrapIfClosure(Object(Closure))
#28 C:\\Users\\JOHN MARK MAGDASAL\\OneDrive\\Desktop\\PHP\\DORMNEST_APP\\vendor\\laravel\\framework\\src\\Illuminate\\Container\\BoundMethod.php(35): Illuminate\\Container\\BoundMethod::callBoundMethod(Object(Illuminate\\Foundation\\Application), Array, Object(Closure))
#29 C:\\Users\\JOHN MARK MAGDASAL\\OneDrive\\Desktop\\PHP\\DORMNEST_APP\\vendor\\laravel\\framework\\src\\Illuminate\\Container\\Container.php(754): Illuminate\\Container\\BoundMethod::call(Object(Illuminate\\Foundation\\Application), Array, Array, NULL)
#30 C:\\Users\\JOHN MARK MAGDASAL\\OneDrive\\Desktop\\PHP\\DORMNEST_APP\\vendor\\laravel\\framework\\src\\Illuminate\\Console\\Command.php(211): Illuminate\\Container\\Container->call(Array)
#31 C:\\Users\\JOHN MARK MAGDASAL\\OneDrive\\Desktop\\PHP\\DORMNEST_APP\\vendor\\symfony\\console\\Command\\Command.php(279): Illuminate\\Console\\Command->execute(Object(Symfony\\Component\\Console\\Input\\ArgvInput), Object(Illuminate\\Console\\OutputStyle))
#32 C:\\Users\\JOHN MARK MAGDASAL\\OneDrive\\Desktop\\PHP\\DORMNEST_APP\\vendor\\laravel\\framework\\src\\Illuminate\\Console\\Command.php(180): Symfony\\Component\\Console\\Command\\Command->run(Object(Symfony\\Component\\Console\\Input\\ArgvInput), Object(Illuminate\\Console\\OutputStyle))
#33 C:\\Users\\JOHN MARK MAGDASAL\\OneDrive\\Desktop\\PHP\\DORMNEST_APP\\vendor\\symfony\\console\\Application.php(1094): Illuminate\\Console\\Command->run(Object(Symfony\\Component\\Console\\Input\\ArgvInput), Object(Symfony\\Component\\Console\\Output\\ConsoleOutput))
#34 C:\\Users\\JOHN MARK MAGDASAL\\OneDrive\\Desktop\\PHP\\DORMNEST_APP\\vendor\\symfony\\console\\Application.php(342): Symfony\\Component\\Console\\Application->doRunCommand(Object(Illuminate\\Database\\Console\\Migrations\\MigrateCommand), Object(Symfony\\Component\\Console\\Input\\ArgvInput), Object(Symfony\\Component\\Console\\Output\\ConsoleOutput))
#35 C:\\Users\\JOHN MARK MAGDASAL\\OneDrive\\Desktop\\PHP\\DORMNEST_APP\\vendor\\symfony\\console\\Application.php(193): Symfony\\Component\\Console\\Application->doRun(Object(Symfony\\Component\\Console\\Input\\ArgvInput), Object(Symfony\\Component\\Console\\Output\\ConsoleOutput))
#36 C:\\Users\\JOHN MARK MAGDASAL\\OneDrive\\Desktop\\PHP\\DORMNEST_APP\\vendor\\laravel\\framework\\src\\Illuminate\\Foundation\\Console\\Kernel.php(197): Symfony\\Component\\Console\\Application->run(Object(Symfony\\Component\\Console\\Input\\ArgvInput), Object(Symfony\\Component\\Console\\Output\\ConsoleOutput))
#37 C:\\Users\\JOHN MARK MAGDASAL\\OneDrive\\Desktop\\PHP\\DORMNEST_APP\\vendor\\laravel\\framework\\src\\Illuminate\\Foundation\\Application.php(1234): Illuminate\\Foundation\\Console\\Kernel->handle(Object(Symfony\\Component\\Console\\Input\\ArgvInput), Object(Symfony\\Component\\Console\\Output\\ConsoleOutput))
#38 C:\\Users\\JOHN MARK MAGDASAL\\OneDrive\\Desktop\\PHP\\DORMNEST_APP\\artisan(16): Illuminate\\Foundation\\Application->handleCommand(Object(Symfony\\Component\\Console\\Input\\ArgvInput))
#39 {main}
"} 
[2025-05-21 12:26:50] local.ERROR: could not find driver (Connection: pgsql, SQL: select exists (select 1 from pg_class c, pg_namespace n where n.nspname = current_schema() and c.relname = 'migrations' and c.relkind in ('r', 'p') and n.oid = c.relnamespace)) {"exception":"[object] (Illuminate\\Database\\QueryException(code: 0): could not find driver (Connection: pgsql, SQL: select exists (select 1 from pg_class c, pg_namespace n where n.nspname = current_schema() and c.relname = 'migrations' and c.relkind in ('r', 'p') and n.oid = c.relnamespace)) at C:\\Users\\JOHN MARK MAGDASAL\\OneDrive\\Desktop\\PHP\\DORMNEST_APP\\vendor\\laravel\\framework\\src\\Illuminate\\Database\\Connection.php:822)
[stacktrace]
#0 C:\\Users\\JOHN MARK MAGDASAL\\OneDrive\\Desktop\\PHP\\DORMNEST_APP\\vendor\\laravel\\framework\\src\\Illuminate\\Database\\Connection.php(776): Illuminate\\Database\\Connection->runQueryCallback('select exists (...', Array, Object(Closure))
#1 C:\\Users\\JOHN MARK MAGDASAL\\OneDrive\\Desktop\\PHP\\DORMNEST_APP\\vendor\\laravel\\framework\\src\\Illuminate\\Database\\Connection.php(395): Illuminate\\Database\\Connection->run('select exists (...', Array, Object(Closure))
#2 C:\\Users\\JOHN MARK MAGDASAL\\OneDrive\\Desktop\\PHP\\DORMNEST_APP\\vendor\\laravel\\framework\\src\\Illuminate\\Database\\Connection.php(341): Illuminate\\Database\\Connection->select('select exists (...', Array, true)
#3 C:\\Users\\JOHN MARK MAGDASAL\\OneDrive\\Desktop\\PHP\\DORMNEST_APP\\vendor\\laravel\\framework\\src\\Illuminate\\Database\\Connection.php(358): Illuminate\\Database\\Connection->selectOne('select exists (...', Array, true)
#4 C:\\Users\\JOHN MARK MAGDASAL\\OneDrive\\Desktop\\PHP\\DORMNEST_APP\\vendor\\laravel\\framework\\src\\Illuminate\\Database\\Schema\\Builder.php(174): Illuminate\\Database\\Connection->scalar('select exists (...')
#5 C:\\Users\\JOHN MARK MAGDASAL\\OneDrive\\Desktop\\PHP\\DORMNEST_APP\\vendor\\laravel\\framework\\src\\Illuminate\\Database\\Migrations\\DatabaseMigrationRepository.php(183): Illuminate\\Database\\Schema\\Builder->hasTable('migrations')
#6 C:\\Users\\JOHN MARK MAGDASAL\\OneDrive\\Desktop\\PHP\\DORMNEST_APP\\vendor\\laravel\\framework\\src\\Illuminate\\Database\\Migrations\\Migrator.php(749): Illuminate\\Database\\Migrations\\DatabaseMigrationRepository->repositoryExists()
#7 C:\\Users\\JOHN MARK MAGDASAL\\OneDrive\\Desktop\\PHP\\DORMNEST_APP\\vendor\\laravel\\framework\\src\\Illuminate\\Database\\Console\\Migrations\\MigrateCommand.php(164): Illuminate\\Database\\Migrations\\Migrator->repositoryExists()
#8 C:\\Users\\JOHN MARK MAGDASAL\\OneDrive\\Desktop\\PHP\\DORMNEST_APP\\vendor\\laravel\\framework\\src\\Illuminate\\Support\\helpers.php(338): Illuminate\\Database\\Console\\Migrations\\MigrateCommand->Illuminate\\Database\\Console\\Migrations\\{closure}(1)
#9 C:\\Users\\JOHN MARK MAGDASAL\\OneDrive\\Desktop\\PHP\\DORMNEST_APP\\vendor\\laravel\\framework\\src\\Illuminate\\Database\\Console\\Migrations\\MigrateCommand.php(164): retry(1, Object(Closure), 0, Object(Closure))
#10 C:\\Users\\JOHN MARK MAGDASAL\\OneDrive\\Desktop\\PHP\\DORMNEST_APP\\vendor\\laravel\\framework\\src\\Illuminate\\Database\\Console\\Migrations\\MigrateCommand.php(140): Illuminate\\Database\\Console\\Migrations\\MigrateCommand->repositoryExists()
#11 C:\\Users\\JOHN MARK MAGDASAL\\OneDrive\\Desktop\\PHP\\DORMNEST_APP\\vendor\\laravel\\framework\\src\\Illuminate\\Database\\Console\\Migrations\\MigrateCommand.php(110): Illuminate\\Database\\Console\\Migrations\\MigrateCommand->prepareDatabase()
#12 C:\\Users\\JOHN MARK MAGDASAL\\OneDrive\\Desktop\\PHP\\DORMNEST_APP\\vendor\\laravel\\framework\\src\\Illuminate\\Database\\Migrations\\Migrator.php(665): Illuminate\\Database\\Console\\Migrations\\MigrateCommand->Illuminate\\Database\\Console\\Migrations\\{closure}()
#13 C:\\Users\\JOHN MARK MAGDASAL\\OneDrive\\Desktop\\PHP\\DORMNEST_APP\\vendor\\laravel\\framework\\src\\Illuminate\\Database\\Console\\Migrations\\MigrateCommand.php(109): Illuminate\\Database\\Migrations\\Migrator->usingConnection(NULL, Object(Closure))
#14 C:\\Users\\JOHN MARK MAGDASAL\\OneDrive\\Desktop\\PHP\\DORMNEST_APP\\vendor\\laravel\\framework\\src\\Illuminate\\Database\\Console\\Migrations\\MigrateCommand.php(88): Illuminate\\Database\\Console\\Migrations\\MigrateCommand->runMigrations()
#15 C:\\Users\\JOHN MARK MAGDASAL\\OneDrive\\Desktop\\PHP\\DORMNEST_APP\\vendor\\laravel\\framework\\src\\Illuminate\\Container\\BoundMethod.php(36): Illuminate\\Database\\Console\\Migrations\\MigrateCommand->handle()
#16 C:\\Users\\JOHN MARK MAGDASAL\\OneDrive\\Desktop\\PHP\\DORMNEST_APP\\vendor\\laravel\\framework\\src\\Illuminate\\Container\\Util.php(43): Illuminate\\Container\\BoundMethod::Illuminate\\Container\\{closure}()
#17 C:\\Users\\JOHN MARK MAGDASAL\\OneDrive\\Desktop\\PHP\\DORMNEST_APP\\vendor\\laravel\\framework\\src\\Illuminate\\Container\\BoundMethod.php(96): Illuminate\\Container\\Util::unwrapIfClosure(Object(Closure))
#18 C:\\Users\\JOHN MARK MAGDASAL\\OneDrive\\Desktop\\PHP\\DORMNEST_APP\\vendor\\laravel\\framework\\src\\Illuminate\\Container\\BoundMethod.php(35): Illuminate\\Container\\BoundMethod::callBoundMethod(Object(Illuminate\\Foundation\\Application), Array, Object(Closure))
#19 C:\\Users\\JOHN MARK MAGDASAL\\OneDrive\\Desktop\\PHP\\DORMNEST_APP\\vendor\\laravel\\framework\\src\\Illuminate\\Container\\Container.php(754): Illuminate\\Container\\BoundMethod::call(Object(Illuminate\\Foundation\\Application), Array, Array, NULL)
#20 C:\\Users\\JOHN MARK MAGDASAL\\OneDrive\\Desktop\\PHP\\DORMNEST_APP\\vendor\\laravel\\framework\\src\\Illuminate\\Console\\Command.php(211): Illuminate\\Container\\Container->call(Array)
#21 C:\\Users\\JOHN MARK MAGDASAL\\OneDrive\\Desktop\\PHP\\DORMNEST_APP\\vendor\\symfony\\console\\Command\\Command.php(279): Illuminate\\Console\\Command->execute(Object(Symfony\\Component\\Console\\Input\\ArgvInput), Object(Illuminate\\Console\\OutputStyle))
#22 C:\\Users\\JOHN MARK MAGDASAL\\OneDrive\\Desktop\\PHP\\DORMNEST_APP\\vendor\\laravel\\framework\\src\\Illuminate\\Console\\Command.php(180): Symfony\\Component\\Console\\Command\\Command->run(Object(Symfony\\Component\\Console\\Input\\ArgvInput), Object(Illuminate\\Console\\OutputStyle))
#23 C:\\Users\\JOHN MARK MAGDASAL\\OneDrive\\Desktop\\PHP\\DORMNEST_APP\\vendor\\symfony\\console\\Application.php(1094): Illuminate\\Console\\Command->run(Object(Symfony\\Component\\Console\\Input\\ArgvInput), Object(Symfony\\Component\\Console\\Output\\ConsoleOutput))
#24 C:\\Users\\JOHN MARK MAGDASAL\\OneDrive\\Desktop\\PHP\\DORMNEST_APP\\vendor\\symfony\\console\\Application.php(342): Symfony\\Component\\Console\\Application->doRunCommand(Object(Illuminate\\Database\\Console\\Migrations\\MigrateCommand), Object(Symfony\\Component\\Console\\Input\\ArgvInput), Object(Symfony\\Component\\Console\\Output\\ConsoleOutput))
#25 C:\\Users\\JOHN MARK MAGDASAL\\OneDrive\\Desktop\\PHP\\DORMNEST_APP\\vendor\\symfony\\console\\Application.php(193): Symfony\\Component\\Console\\Application->doRun(Object(Symfony\\Component\\Console\\Input\\ArgvInput), Object(Symfony\\Component\\Console\\Output\\ConsoleOutput))
#26 C:\\Users\\JOHN MARK MAGDASAL\\OneDrive\\Desktop\\PHP\\DORMNEST_APP\\vendor\\laravel\\framework\\src\\Illuminate\\Foundation\\Console\\Kernel.php(197): Symfony\\Component\\Console\\Application->run(Object(Symfony\\Component\\Console\\Input\\ArgvInput), Object(Symfony\\Component\\Console\\Output\\ConsoleOutput))
#27 C:\\Users\\JOHN MARK MAGDASAL\\OneDrive\\Desktop\\PHP\\DORMNEST_APP\\vendor\\laravel\\framework\\src\\Illuminate\\Foundation\\Application.php(1234): Illuminate\\Foundation\\Console\\Kernel->handle(Object(Symfony\\Component\\Console\\Input\\ArgvInput), Object(Symfony\\Component\\Console\\Output\\ConsoleOutput))
#28 C:\\Users\\JOHN MARK MAGDASAL\\OneDrive\\Desktop\\PHP\\DORMNEST_APP\\artisan(16): Illuminate\\Foundation\\Application->handleCommand(Object(Symfony\\Component\\Console\\Input\\ArgvInput))
#29 {main}

[previous exception] [object] (PDOException(code: 0): could not find driver at C:\\Users\\JOHN MARK MAGDASAL\\OneDrive\\Desktop\\PHP\\DORMNEST_APP\\vendor\\laravel\\framework\\src\\Illuminate\\Database\\Connectors\\Connector.php:66)
[stacktrace]
#0 C:\\Users\\JOHN MARK MAGDASAL\\OneDrive\\Desktop\\PHP\\DORMNEST_APP\\vendor\\laravel\\framework\\src\\Illuminate\\Database\\Connectors\\Connector.php(66): PDO->__construct('pgsql:host=127....', 'root', Object(SensitiveParameterValue), Array)
#1 C:\\Users\\JOHN MARK MAGDASAL\\OneDrive\\Desktop\\PHP\\DORMNEST_APP\\vendor\\laravel\\framework\\src\\Illuminate\\Database\\Connectors\\Connector.php(44): Illuminate\\Database\\Connectors\\Connector->createPdoConnection('pgsql:host=127....', 'root', Object(SensitiveParameterValue), Array)
#2 C:\\Users\\JOHN MARK MAGDASAL\\OneDrive\\Desktop\\PHP\\DORMNEST_APP\\vendor\\laravel\\framework\\src\\Illuminate\\Database\\Connectors\\PostgresConnector.php(35): Illuminate\\Database\\Connectors\\Connector->createConnection('pgsql:host=127....', Array, Array)
#3 C:\\Users\\JOHN MARK MAGDASAL\\OneDrive\\Desktop\\PHP\\DORMNEST_APP\\vendor\\laravel\\framework\\src\\Illuminate\\Database\\Connectors\\ConnectionFactory.php(184): Illuminate\\Database\\Connectors\\PostgresConnector->connect(Array)
#4 [internal function]: Illuminate\\Database\\Connectors\\ConnectionFactory->Illuminate\\Database\\Connectors\\{closure}()
#5 C:\\Users\\JOHN MARK MAGDASAL\\OneDrive\\Desktop\\PHP\\DORMNEST_APP\\vendor\\laravel\\framework\\src\\Illuminate\\Database\\Connection.php(1228): call_user_func(Object(Closure))
#6 C:\\Users\\JOHN MARK MAGDASAL\\OneDrive\\Desktop\\PHP\\DORMNEST_APP\\vendor\\laravel\\framework\\src\\Illuminate\\Database\\Connection.php(1264): Illuminate\\Database\\Connection->getPdo()
#7 C:\\Users\\JOHN MARK MAGDASAL\\OneDrive\\Desktop\\PHP\\DORMNEST_APP\\vendor\\laravel\\framework\\src\\Illuminate\\Database\\Connection.php(509): Illuminate\\Database\\Connection->getReadPdo()
#8 C:\\Users\\JOHN MARK MAGDASAL\\OneDrive\\Desktop\\PHP\\DORMNEST_APP\\vendor\\laravel\\framework\\src\\Illuminate\\Database\\Connection.php(404): Illuminate\\Database\\Connection->getPdoForSelect(true)
#9 C:\\Users\\JOHN MARK MAGDASAL\\OneDrive\\Desktop\\PHP\\DORMNEST_APP\\vendor\\laravel\\framework\\src\\Illuminate\\Database\\Connection.php(809): Illuminate\\Database\\Connection->Illuminate\\Database\\{closure}('select exists (...', Array)
#10 C:\\Users\\JOHN MARK MAGDASAL\\OneDrive\\Desktop\\PHP\\DORMNEST_APP\\vendor\\laravel\\framework\\src\\Illuminate\\Database\\Connection.php(776): Illuminate\\Database\\Connection->runQueryCallback('select exists (...', Array, Object(Closure))
#11 C:\\Users\\JOHN MARK MAGDASAL\\OneDrive\\Desktop\\PHP\\DORMNEST_APP\\vendor\\laravel\\framework\\src\\Illuminate\\Database\\Connection.php(395): Illuminate\\Database\\Connection->run('select exists (...', Array, Object(Closure))
#12 C:\\Users\\JOHN MARK MAGDASAL\\OneDrive\\Desktop\\PHP\\DORMNEST_APP\\vendor\\laravel\\framework\\src\\Illuminate\\Database\\Connection.php(341): Illuminate\\Database\\Connection->select('select exists (...', Array, true)
#13 C:\\Users\\JOHN MARK MAGDASAL\\OneDrive\\Desktop\\PHP\\DORMNEST_APP\\vendor\\laravel\\framework\\src\\Illuminate\\Database\\Connection.php(358): Illuminate\\Database\\Connection->selectOne('select exists (...', Array, true)
#14 C:\\Users\\JOHN MARK MAGDASAL\\OneDrive\\Desktop\\PHP\\DORMNEST_APP\\vendor\\laravel\\framework\\src\\Illuminate\\Database\\Schema\\Builder.php(174): Illuminate\\Database\\Connection->scalar('select exists (...')
#15 C:\\Users\\JOHN MARK MAGDASAL\\OneDrive\\Desktop\\PHP\\DORMNEST_APP\\vendor\\laravel\\framework\\src\\Illuminate\\Database\\Migrations\\DatabaseMigrationRepository.php(183): Illuminate\\Database\\Schema\\Builder->hasTable('migrations')
#16 C:\\Users\\JOHN MARK MAGDASAL\\OneDrive\\Desktop\\PHP\\DORMNEST_APP\\vendor\\laravel\\framework\\src\\Illuminate\\Database\\Migrations\\Migrator.php(749): Illuminate\\Database\\Migrations\\DatabaseMigrationRepository->repositoryExists()
#17 C:\\Users\\JOHN MARK MAGDASAL\\OneDrive\\Desktop\\PHP\\DORMNEST_APP\\vendor\\laravel\\framework\\src\\Illuminate\\Database\\Console\\Migrations\\MigrateCommand.php(164): Illuminate\\Database\\Migrations\\Migrator->repositoryExists()
#18 C:\\Users\\JOHN MARK MAGDASAL\\OneDrive\\Desktop\\PHP\\DORMNEST_APP\\vendor\\laravel\\framework\\src\\Illuminate\\Support\\helpers.php(338): Illuminate\\Database\\Console\\Migrations\\MigrateCommand->Illuminate\\Database\\Console\\Migrations\\{closure}(1)
#19 C:\\Users\\JOHN MARK MAGDASAL\\OneDrive\\Desktop\\PHP\\DORMNEST_APP\\vendor\\laravel\\framework\\src\\Illuminate\\Database\\Console\\Migrations\\MigrateCommand.php(164): retry(1, Object(Closure), 0, Object(Closure))
#20 C:\\Users\\JOHN MARK MAGDASAL\\OneDrive\\Desktop\\PHP\\DORMNEST_APP\\vendor\\laravel\\framework\\src\\Illuminate\\Database\\Console\\Migrations\\MigrateCommand.php(140): Illuminate\\Database\\Console\\Migrations\\MigrateCommand->repositoryExists()
#21 C:\\Users\\JOHN MARK MAGDASAL\\OneDrive\\Desktop\\PHP\\DORMNEST_APP\\vendor\\laravel\\framework\\src\\Illuminate\\Database\\Console\\Migrations\\MigrateCommand.php(110): Illuminate\\Database\\Console\\Migrations\\MigrateCommand->prepareDatabase()
#22 C:\\Users\\JOHN MARK MAGDASAL\\OneDrive\\Desktop\\PHP\\DORMNEST_APP\\vendor\\laravel\\framework\\src\\Illuminate\\Database\\Migrations\\Migrator.php(665): Illuminate\\Database\\Console\\Migrations\\MigrateCommand->Illuminate\\Database\\Console\\Migrations\\{closure}()
#23 C:\\Users\\JOHN MARK MAGDASAL\\OneDrive\\Desktop\\PHP\\DORMNEST_APP\\vendor\\laravel\\framework\\src\\Illuminate\\Database\\Console\\Migrations\\MigrateCommand.php(109): Illuminate\\Database\\Migrations\\Migrator->usingConnection(NULL, Object(Closure))
#24 C:\\Users\\JOHN MARK MAGDASAL\\OneDrive\\Desktop\\PHP\\DORMNEST_APP\\vendor\\laravel\\framework\\src\\Illuminate\\Database\\Console\\Migrations\\MigrateCommand.php(88): Illuminate\\Database\\Console\\Migrations\\MigrateCommand->runMigrations()
#25 C:\\Users\\JOHN MARK MAGDASAL\\OneDrive\\Desktop\\PHP\\DORMNEST_APP\\vendor\\laravel\\framework\\src\\Illuminate\\Container\\BoundMethod.php(36): Illuminate\\Database\\Console\\Migrations\\MigrateCommand->handle()
#26 C:\\Users\\JOHN MARK MAGDASAL\\OneDrive\\Desktop\\PHP\\DORMNEST_APP\\vendor\\laravel\\framework\\src\\Illuminate\\Container\\Util.php(43): Illuminate\\Container\\BoundMethod::Illuminate\\Container\\{closure}()
#27 C:\\Users\\JOHN MARK MAGDASAL\\OneDrive\\Desktop\\PHP\\DORMNEST_APP\\vendor\\laravel\\framework\\src\\Illuminate\\Container\\BoundMethod.php(96): Illuminate\\Container\\Util::unwrapIfClosure(Object(Closure))
#28 C:\\Users\\JOHN MARK MAGDASAL\\OneDrive\\Desktop\\PHP\\DORMNEST_APP\\vendor\\laravel\\framework\\src\\Illuminate\\Container\\BoundMethod.php(35): Illuminate\\Container\\BoundMethod::callBoundMethod(Object(Illuminate\\Foundation\\Application), Array, Object(Closure))
#29 C:\\Users\\JOHN MARK MAGDASAL\\OneDrive\\Desktop\\PHP\\DORMNEST_APP\\vendor\\laravel\\framework\\src\\Illuminate\\Container\\Container.php(754): Illuminate\\Container\\BoundMethod::call(Object(Illuminate\\Foundation\\Application), Array, Array, NULL)
#30 C:\\Users\\JOHN MARK MAGDASAL\\OneDrive\\Desktop\\PHP\\DORMNEST_APP\\vendor\\laravel\\framework\\src\\Illuminate\\Console\\Command.php(211): Illuminate\\Container\\Container->call(Array)
#31 C:\\Users\\JOHN MARK MAGDASAL\\OneDrive\\Desktop\\PHP\\DORMNEST_APP\\vendor\\symfony\\console\\Command\\Command.php(279): Illuminate\\Console\\Command->execute(Object(Symfony\\Component\\Console\\Input\\ArgvInput), Object(Illuminate\\Console\\OutputStyle))
#32 C:\\Users\\JOHN MARK MAGDASAL\\OneDrive\\Desktop\\PHP\\DORMNEST_APP\\vendor\\laravel\\framework\\src\\Illuminate\\Console\\Command.php(180): Symfony\\Component\\Console\\Command\\Command->run(Object(Symfony\\Component\\Console\\Input\\ArgvInput), Object(Illuminate\\Console\\OutputStyle))
#33 C:\\Users\\JOHN MARK MAGDASAL\\OneDrive\\Desktop\\PHP\\DORMNEST_APP\\vendor\\symfony\\console\\Application.php(1094): Illuminate\\Console\\Command->run(Object(Symfony\\Component\\Console\\Input\\ArgvInput), Object(Symfony\\Component\\Console\\Output\\ConsoleOutput))
#34 C:\\Users\\JOHN MARK MAGDASAL\\OneDrive\\Desktop\\PHP\\DORMNEST_APP\\vendor\\symfony\\console\\Application.php(342): Symfony\\Component\\Console\\Application->doRunCommand(Object(Illuminate\\Database\\Console\\Migrations\\MigrateCommand), Object(Symfony\\Component\\Console\\Input\\ArgvInput), Object(Symfony\\Component\\Console\\Output\\ConsoleOutput))
#35 C:\\Users\\JOHN MARK MAGDASAL\\OneDrive\\Desktop\\PHP\\DORMNEST_APP\\vendor\\symfony\\console\\Application.php(193): Symfony\\Component\\Console\\Application->doRun(Object(Symfony\\Component\\Console\\Input\\ArgvInput), Object(Symfony\\Component\\Console\\Output\\ConsoleOutput))
#36 C:\\Users\\JOHN MARK MAGDASAL\\OneDrive\\Desktop\\PHP\\DORMNEST_APP\\vendor\\laravel\\framework\\src\\Illuminate\\Foundation\\Console\\Kernel.php(197): Symfony\\Component\\Console\\Application->run(Object(Symfony\\Component\\Console\\Input\\ArgvInput), Object(Symfony\\Component\\Console\\Output\\ConsoleOutput))
#37 C:\\Users\\JOHN MARK MAGDASAL\\OneDrive\\Desktop\\PHP\\DORMNEST_APP\\vendor\\laravel\\framework\\src\\Illuminate\\Foundation\\Application.php(1234): Illuminate\\Foundation\\Console\\Kernel->handle(Object(Symfony\\Component\\Console\\Input\\ArgvInput), Object(Symfony\\Component\\Console\\Output\\ConsoleOutput))
#38 C:\\Users\\JOHN MARK MAGDASAL\\OneDrive\\Desktop\\PHP\\DORMNEST_APP\\artisan(16): Illuminate\\Foundation\\Application->handleCommand(Object(Symfony\\Component\\Console\\Input\\ArgvInput))
#39 {main}
"} 
[2025-05-21 12:32:27] local.ERROR: SQLSTATE[08006] [7] FATAL:  password authentication failed for user "root" (Connection: pgsql, SQL: select exists (select 1 from pg_class c, pg_namespace n where n.nspname = current_schema() and c.relname = 'migrations' and c.relkind in ('r', 'p') and n.oid = c.relnamespace)) {"exception":"[object] (Illuminate\\Database\\QueryException(code: 7): SQLSTATE[08006] [7] FATAL:  password authentication failed for user \"root\" (Connection: pgsql, SQL: select exists (select 1 from pg_class c, pg_namespace n where n.nspname = current_schema() and c.relname = 'migrations' and c.relkind in ('r', 'p') and n.oid = c.relnamespace)) at C:\\Users\\JOHN MARK MAGDASAL\\OneDrive\\Desktop\\PHP\\DORMNEST_APP\\vendor\\laravel\\framework\\src\\Illuminate\\Database\\Connection.php:822)
[stacktrace]
#0 C:\\Users\\JOHN MARK MAGDASAL\\OneDrive\\Desktop\\PHP\\DORMNEST_APP\\vendor\\laravel\\framework\\src\\Illuminate\\Database\\Connection.php(776): Illuminate\\Database\\Connection->runQueryCallback('select exists (...', Array, Object(Closure))
#1 C:\\Users\\JOHN MARK MAGDASAL\\OneDrive\\Desktop\\PHP\\DORMNEST_APP\\vendor\\laravel\\framework\\src\\Illuminate\\Database\\Connection.php(395): Illuminate\\Database\\Connection->run('select exists (...', Array, Object(Closure))
#2 C:\\Users\\JOHN MARK MAGDASAL\\OneDrive\\Desktop\\PHP\\DORMNEST_APP\\vendor\\laravel\\framework\\src\\Illuminate\\Database\\Connection.php(341): Illuminate\\Database\\Connection->select('select exists (...', Array, true)
#3 C:\\Users\\JOHN MARK MAGDASAL\\OneDrive\\Desktop\\PHP\\DORMNEST_APP\\vendor\\laravel\\framework\\src\\Illuminate\\Database\\Connection.php(358): Illuminate\\Database\\Connection->selectOne('select exists (...', Array, true)
#4 C:\\Users\\JOHN MARK MAGDASAL\\OneDrive\\Desktop\\PHP\\DORMNEST_APP\\vendor\\laravel\\framework\\src\\Illuminate\\Database\\Schema\\Builder.php(174): Illuminate\\Database\\Connection->scalar('select exists (...')
#5 C:\\Users\\JOHN MARK MAGDASAL\\OneDrive\\Desktop\\PHP\\DORMNEST_APP\\vendor\\laravel\\framework\\src\\Illuminate\\Database\\Migrations\\DatabaseMigrationRepository.php(183): Illuminate\\Database\\Schema\\Builder->hasTable('migrations')
#6 C:\\Users\\JOHN MARK MAGDASAL\\OneDrive\\Desktop\\PHP\\DORMNEST_APP\\vendor\\laravel\\framework\\src\\Illuminate\\Database\\Migrations\\Migrator.php(749): Illuminate\\Database\\Migrations\\DatabaseMigrationRepository->repositoryExists()
#7 C:\\Users\\JOHN MARK MAGDASAL\\OneDrive\\Desktop\\PHP\\DORMNEST_APP\\vendor\\laravel\\framework\\src\\Illuminate\\Database\\Console\\Migrations\\MigrateCommand.php(164): Illuminate\\Database\\Migrations\\Migrator->repositoryExists()
#8 C:\\Users\\JOHN MARK MAGDASAL\\OneDrive\\Desktop\\PHP\\DORMNEST_APP\\vendor\\laravel\\framework\\src\\Illuminate\\Support\\helpers.php(338): Illuminate\\Database\\Console\\Migrations\\MigrateCommand->Illuminate\\Database\\Console\\Migrations\\{closure}(1)
#9 C:\\Users\\JOHN MARK MAGDASAL\\OneDrive\\Desktop\\PHP\\DORMNEST_APP\\vendor\\laravel\\framework\\src\\Illuminate\\Database\\Console\\Migrations\\MigrateCommand.php(164): retry(1, Object(Closure), 0, Object(Closure))
#10 C:\\Users\\JOHN MARK MAGDASAL\\OneDrive\\Desktop\\PHP\\DORMNEST_APP\\vendor\\laravel\\framework\\src\\Illuminate\\Database\\Console\\Migrations\\MigrateCommand.php(140): Illuminate\\Database\\Console\\Migrations\\MigrateCommand->repositoryExists()
#11 C:\\Users\\JOHN MARK MAGDASAL\\OneDrive\\Desktop\\PHP\\DORMNEST_APP\\vendor\\laravel\\framework\\src\\Illuminate\\Database\\Console\\Migrations\\MigrateCommand.php(110): Illuminate\\Database\\Console\\Migrations\\MigrateCommand->prepareDatabase()
#12 C:\\Users\\JOHN MARK MAGDASAL\\OneDrive\\Desktop\\PHP\\DORMNEST_APP\\vendor\\laravel\\framework\\src\\Illuminate\\Database\\Migrations\\Migrator.php(665): Illuminate\\Database\\Console\\Migrations\\MigrateCommand->Illuminate\\Database\\Console\\Migrations\\{closure}()
#13 C:\\Users\\JOHN MARK MAGDASAL\\OneDrive\\Desktop\\PHP\\DORMNEST_APP\\vendor\\laravel\\framework\\src\\Illuminate\\Database\\Console\\Migrations\\MigrateCommand.php(109): Illuminate\\Database\\Migrations\\Migrator->usingConnection(NULL, Object(Closure))
#14 C:\\Users\\JOHN MARK MAGDASAL\\OneDrive\\Desktop\\PHP\\DORMNEST_APP\\vendor\\laravel\\framework\\src\\Illuminate\\Database\\Console\\Migrations\\MigrateCommand.php(88): Illuminate\\Database\\Console\\Migrations\\MigrateCommand->runMigrations()
#15 C:\\Users\\JOHN MARK MAGDASAL\\OneDrive\\Desktop\\PHP\\DORMNEST_APP\\vendor\\laravel\\framework\\src\\Illuminate\\Container\\BoundMethod.php(36): Illuminate\\Database\\Console\\Migrations\\MigrateCommand->handle()
#16 C:\\Users\\JOHN MARK MAGDASAL\\OneDrive\\Desktop\\PHP\\DORMNEST_APP\\vendor\\laravel\\framework\\src\\Illuminate\\Container\\Util.php(43): Illuminate\\Container\\BoundMethod::Illuminate\\Container\\{closure}()
#17 C:\\Users\\JOHN MARK MAGDASAL\\OneDrive\\Desktop\\PHP\\DORMNEST_APP\\vendor\\laravel\\framework\\src\\Illuminate\\Container\\BoundMethod.php(96): Illuminate\\Container\\Util::unwrapIfClosure(Object(Closure))
#18 C:\\Users\\JOHN MARK MAGDASAL\\OneDrive\\Desktop\\PHP\\DORMNEST_APP\\vendor\\laravel\\framework\\src\\Illuminate\\Container\\BoundMethod.php(35): Illuminate\\Container\\BoundMethod::callBoundMethod(Object(Illuminate\\Foundation\\Application), Array, Object(Closure))
#19 C:\\Users\\JOHN MARK MAGDASAL\\OneDrive\\Desktop\\PHP\\DORMNEST_APP\\vendor\\laravel\\framework\\src\\Illuminate\\Container\\Container.php(754): Illuminate\\Container\\BoundMethod::call(Object(Illuminate\\Foundation\\Application), Array, Array, NULL)
#20 C:\\Users\\JOHN MARK MAGDASAL\\OneDrive\\Desktop\\PHP\\DORMNEST_APP\\vendor\\laravel\\framework\\src\\Illuminate\\Console\\Command.php(211): Illuminate\\Container\\Container->call(Array)
#21 C:\\Users\\JOHN MARK MAGDASAL\\OneDrive\\Desktop\\PHP\\DORMNEST_APP\\vendor\\symfony\\console\\Command\\Command.php(279): Illuminate\\Console\\Command->execute(Object(Symfony\\Component\\Console\\Input\\ArgvInput), Object(Illuminate\\Console\\OutputStyle))
#22 C:\\Users\\JOHN MARK MAGDASAL\\OneDrive\\Desktop\\PHP\\DORMNEST_APP\\vendor\\laravel\\framework\\src\\Illuminate\\Console\\Command.php(180): Symfony\\Component\\Console\\Command\\Command->run(Object(Symfony\\Component\\Console\\Input\\ArgvInput), Object(Illuminate\\Console\\OutputStyle))
#23 C:\\Users\\JOHN MARK MAGDASAL\\OneDrive\\Desktop\\PHP\\DORMNEST_APP\\vendor\\symfony\\console\\Application.php(1094): Illuminate\\Console\\Command->run(Object(Symfony\\Component\\Console\\Input\\ArgvInput), Object(Symfony\\Component\\Console\\Output\\ConsoleOutput))
#24 C:\\Users\\JOHN MARK MAGDASAL\\OneDrive\\Desktop\\PHP\\DORMNEST_APP\\vendor\\symfony\\console\\Application.php(342): Symfony\\Component\\Console\\Application->doRunCommand(Object(Illuminate\\Database\\Console\\Migrations\\MigrateCommand), Object(Symfony\\Component\\Console\\Input\\ArgvInput), Object(Symfony\\Component\\Console\\Output\\ConsoleOutput))
#25 C:\\Users\\JOHN MARK MAGDASAL\\OneDrive\\Desktop\\PHP\\DORMNEST_APP\\vendor\\symfony\\console\\Application.php(193): Symfony\\Component\\Console\\Application->doRun(Object(Symfony\\Component\\Console\\Input\\ArgvInput), Object(Symfony\\Component\\Console\\Output\\ConsoleOutput))
#26 C:\\Users\\JOHN MARK MAGDASAL\\OneDrive\\Desktop\\PHP\\DORMNEST_APP\\vendor\\laravel\\framework\\src\\Illuminate\\Foundation\\Console\\Kernel.php(197): Symfony\\Component\\Console\\Application->run(Object(Symfony\\Component\\Console\\Input\\ArgvInput), Object(Symfony\\Component\\Console\\Output\\ConsoleOutput))
#27 C:\\Users\\JOHN MARK MAGDASAL\\OneDrive\\Desktop\\PHP\\DORMNEST_APP\\vendor\\laravel\\framework\\src\\Illuminate\\Foundation\\Application.php(1234): Illuminate\\Foundation\\Console\\Kernel->handle(Object(Symfony\\Component\\Console\\Input\\ArgvInput), Object(Symfony\\Component\\Console\\Output\\ConsoleOutput))
#28 C:\\Users\\JOHN MARK MAGDASAL\\OneDrive\\Desktop\\PHP\\DORMNEST_APP\\artisan(16): Illuminate\\Foundation\\Application->handleCommand(Object(Symfony\\Component\\Console\\Input\\ArgvInput))
#29 {main}

[previous exception] [object] (PDOException(code: 7): SQLSTATE[08006] [7] FATAL:  password authentication failed for user \"root\" at C:\\Users\\JOHN MARK MAGDASAL\\OneDrive\\Desktop\\PHP\\DORMNEST_APP\\vendor\\laravel\\framework\\src\\Illuminate\\Database\\Connectors\\Connector.php:66)
[stacktrace]
#0 C:\\Users\\JOHN MARK MAGDASAL\\OneDrive\\Desktop\\PHP\\DORMNEST_APP\\vendor\\laravel\\framework\\src\\Illuminate\\Database\\Connectors\\Connector.php(66): PDO->__construct('pgsql:host=127....', 'root', Object(SensitiveParameterValue), Array)
#1 C:\\Users\\JOHN MARK MAGDASAL\\OneDrive\\Desktop\\PHP\\DORMNEST_APP\\vendor\\laravel\\framework\\src\\Illuminate\\Database\\Connectors\\Connector.php(44): Illuminate\\Database\\Connectors\\Connector->createPdoConnection('pgsql:host=127....', 'root', Object(SensitiveParameterValue), Array)
#2 C:\\Users\\JOHN MARK MAGDASAL\\OneDrive\\Desktop\\PHP\\DORMNEST_APP\\vendor\\laravel\\framework\\src\\Illuminate\\Database\\Connectors\\PostgresConnector.php(35): Illuminate\\Database\\Connectors\\Connector->createConnection('pgsql:host=127....', Array, Array)
#3 C:\\Users\\JOHN MARK MAGDASAL\\OneDrive\\Desktop\\PHP\\DORMNEST_APP\\vendor\\laravel\\framework\\src\\Illuminate\\Database\\Connectors\\ConnectionFactory.php(184): Illuminate\\Database\\Connectors\\PostgresConnector->connect(Array)
#4 [internal function]: Illuminate\\Database\\Connectors\\ConnectionFactory->Illuminate\\Database\\Connectors\\{closure}()
#5 C:\\Users\\JOHN MARK MAGDASAL\\OneDrive\\Desktop\\PHP\\DORMNEST_APP\\vendor\\laravel\\framework\\src\\Illuminate\\Database\\Connection.php(1228): call_user_func(Object(Closure))
#6 C:\\Users\\JOHN MARK MAGDASAL\\OneDrive\\Desktop\\PHP\\DORMNEST_APP\\vendor\\laravel\\framework\\src\\Illuminate\\Database\\Connection.php(1264): Illuminate\\Database\\Connection->getPdo()
#7 C:\\Users\\JOHN MARK MAGDASAL\\OneDrive\\Desktop\\PHP\\DORMNEST_APP\\vendor\\laravel\\framework\\src\\Illuminate\\Database\\Connection.php(509): Illuminate\\Database\\Connection->getReadPdo()
#8 C:\\Users\\JOHN MARK MAGDASAL\\OneDrive\\Desktop\\PHP\\DORMNEST_APP\\vendor\\laravel\\framework\\src\\Illuminate\\Database\\Connection.php(404): Illuminate\\Database\\Connection->getPdoForSelect(true)
#9 C:\\Users\\JOHN MARK MAGDASAL\\OneDrive\\Desktop\\PHP\\DORMNEST_APP\\vendor\\laravel\\framework\\src\\Illuminate\\Database\\Connection.php(809): Illuminate\\Database\\Connection->Illuminate\\Database\\{closure}('select exists (...', Array)
#10 C:\\Users\\JOHN MARK MAGDASAL\\OneDrive\\Desktop\\PHP\\DORMNEST_APP\\vendor\\laravel\\framework\\src\\Illuminate\\Database\\Connection.php(776): Illuminate\\Database\\Connection->runQueryCallback('select exists (...', Array, Object(Closure))
#11 C:\\Users\\JOHN MARK MAGDASAL\\OneDrive\\Desktop\\PHP\\DORMNEST_APP\\vendor\\laravel\\framework\\src\\Illuminate\\Database\\Connection.php(395): Illuminate\\Database\\Connection->run('select exists (...', Array, Object(Closure))
#12 C:\\Users\\JOHN MARK MAGDASAL\\OneDrive\\Desktop\\PHP\\DORMNEST_APP\\vendor\\laravel\\framework\\src\\Illuminate\\Database\\Connection.php(341): Illuminate\\Database\\Connection->select('select exists (...', Array, true)
#13 C:\\Users\\JOHN MARK MAGDASAL\\OneDrive\\Desktop\\PHP\\DORMNEST_APP\\vendor\\laravel\\framework\\src\\Illuminate\\Database\\Connection.php(358): Illuminate\\Database\\Connection->selectOne('select exists (...', Array, true)
#14 C:\\Users\\JOHN MARK MAGDASAL\\OneDrive\\Desktop\\PHP\\DORMNEST_APP\\vendor\\laravel\\framework\\src\\Illuminate\\Database\\Schema\\Builder.php(174): Illuminate\\Database\\Connection->scalar('select exists (...')
#15 C:\\Users\\JOHN MARK MAGDASAL\\OneDrive\\Desktop\\PHP\\DORMNEST_APP\\vendor\\laravel\\framework\\src\\Illuminate\\Database\\Migrations\\DatabaseMigrationRepository.php(183): Illuminate\\Database\\Schema\\Builder->hasTable('migrations')
#16 C:\\Users\\JOHN MARK MAGDASAL\\OneDrive\\Desktop\\PHP\\DORMNEST_APP\\vendor\\laravel\\framework\\src\\Illuminate\\Database\\Migrations\\Migrator.php(749): Illuminate\\Database\\Migrations\\DatabaseMigrationRepository->repositoryExists()
#17 C:\\Users\\JOHN MARK MAGDASAL\\OneDrive\\Desktop\\PHP\\DORMNEST_APP\\vendor\\laravel\\framework\\src\\Illuminate\\Database\\Console\\Migrations\\MigrateCommand.php(164): Illuminate\\Database\\Migrations\\Migrator->repositoryExists()
#18 C:\\Users\\JOHN MARK MAGDASAL\\OneDrive\\Desktop\\PHP\\DORMNEST_APP\\vendor\\laravel\\framework\\src\\Illuminate\\Support\\helpers.php(338): Illuminate\\Database\\Console\\Migrations\\MigrateCommand->Illuminate\\Database\\Console\\Migrations\\{closure}(1)
#19 C:\\Users\\JOHN MARK MAGDASAL\\OneDrive\\Desktop\\PHP\\DORMNEST_APP\\vendor\\laravel\\framework\\src\\Illuminate\\Database\\Console\\Migrations\\MigrateCommand.php(164): retry(1, Object(Closure), 0, Object(Closure))
#20 C:\\Users\\JOHN MARK MAGDASAL\\OneDrive\\Desktop\\PHP\\DORMNEST_APP\\vendor\\laravel\\framework\\src\\Illuminate\\Database\\Console\\Migrations\\MigrateCommand.php(140): Illuminate\\Database\\Console\\Migrations\\MigrateCommand->repositoryExists()
#21 C:\\Users\\JOHN MARK MAGDASAL\\OneDrive\\Desktop\\PHP\\DORMNEST_APP\\vendor\\laravel\\framework\\src\\Illuminate\\Database\\Console\\Migrations\\MigrateCommand.php(110): Illuminate\\Database\\Console\\Migrations\\MigrateCommand->prepareDatabase()
#22 C:\\Users\\JOHN MARK MAGDASAL\\OneDrive\\Desktop\\PHP\\DORMNEST_APP\\vendor\\laravel\\framework\\src\\Illuminate\\Database\\Migrations\\Migrator.php(665): Illuminate\\Database\\Console\\Migrations\\MigrateCommand->Illuminate\\Database\\Console\\Migrations\\{closure}()
#23 C:\\Users\\JOHN MARK MAGDASAL\\OneDrive\\Desktop\\PHP\\DORMNEST_APP\\vendor\\laravel\\framework\\src\\Illuminate\\Database\\Console\\Migrations\\MigrateCommand.php(109): Illuminate\\Database\\Migrations\\Migrator->usingConnection(NULL, Object(Closure))
#24 C:\\Users\\JOHN MARK MAGDASAL\\OneDrive\\Desktop\\PHP\\DORMNEST_APP\\vendor\\laravel\\framework\\src\\Illuminate\\Database\\Console\\Migrations\\MigrateCommand.php(88): Illuminate\\Database\\Console\\Migrations\\MigrateCommand->runMigrations()
#25 C:\\Users\\JOHN MARK MAGDASAL\\OneDrive\\Desktop\\PHP\\DORMNEST_APP\\vendor\\laravel\\framework\\src\\Illuminate\\Container\\BoundMethod.php(36): Illuminate\\Database\\Console\\Migrations\\MigrateCommand->handle()
#26 C:\\Users\\JOHN MARK MAGDASAL\\OneDrive\\Desktop\\PHP\\DORMNEST_APP\\vendor\\laravel\\framework\\src\\Illuminate\\Container\\Util.php(43): Illuminate\\Container\\BoundMethod::Illuminate\\Container\\{closure}()
#27 C:\\Users\\JOHN MARK MAGDASAL\\OneDrive\\Desktop\\PHP\\DORMNEST_APP\\vendor\\laravel\\framework\\src\\Illuminate\\Container\\BoundMethod.php(96): Illuminate\\Container\\Util::unwrapIfClosure(Object(Closure))
#28 C:\\Users\\JOHN MARK MAGDASAL\\OneDrive\\Desktop\\PHP\\DORMNEST_APP\\vendor\\laravel\\framework\\src\\Illuminate\\Container\\BoundMethod.php(35): Illuminate\\Container\\BoundMethod::callBoundMethod(Object(Illuminate\\Foundation\\Application), Array, Object(Closure))
#29 C:\\Users\\JOHN MARK MAGDASAL\\OneDrive\\Desktop\\PHP\\DORMNEST_APP\\vendor\\laravel\\framework\\src\\Illuminate\\Container\\Container.php(754): Illuminate\\Container\\BoundMethod::call(Object(Illuminate\\Foundation\\Application), Array, Array, NULL)
#30 C:\\Users\\JOHN MARK MAGDASAL\\OneDrive\\Desktop\\PHP\\DORMNEST_APP\\vendor\\laravel\\framework\\src\\Illuminate\\Console\\Command.php(211): Illuminate\\Container\\Container->call(Array)
#31 C:\\Users\\JOHN MARK MAGDASAL\\OneDrive\\Desktop\\PHP\\DORMNEST_APP\\vendor\\symfony\\console\\Command\\Command.php(279): Illuminate\\Console\\Command->execute(Object(Symfony\\Component\\Console\\Input\\ArgvInput), Object(Illuminate\\Console\\OutputStyle))
#32 C:\\Users\\JOHN MARK MAGDASAL\\OneDrive\\Desktop\\PHP\\DORMNEST_APP\\vendor\\laravel\\framework\\src\\Illuminate\\Console\\Command.php(180): Symfony\\Component\\Console\\Command\\Command->run(Object(Symfony\\Component\\Console\\Input\\ArgvInput), Object(Illuminate\\Console\\OutputStyle))
#33 C:\\Users\\JOHN MARK MAGDASAL\\OneDrive\\Desktop\\PHP\\DORMNEST_APP\\vendor\\symfony\\console\\Application.php(1094): Illuminate\\Console\\Command->run(Object(Symfony\\Component\\Console\\Input\\ArgvInput), Object(Symfony\\Component\\Console\\Output\\ConsoleOutput))
#34 C:\\Users\\JOHN MARK MAGDASAL\\OneDrive\\Desktop\\PHP\\DORMNEST_APP\\vendor\\symfony\\console\\Application.php(342): Symfony\\Component\\Console\\Application->doRunCommand(Object(Illuminate\\Database\\Console\\Migrations\\MigrateCommand), Object(Symfony\\Component\\Console\\Input\\ArgvInput), Object(Symfony\\Component\\Console\\Output\\ConsoleOutput))
#35 C:\\Users\\JOHN MARK MAGDASAL\\OneDrive\\Desktop\\PHP\\DORMNEST_APP\\vendor\\symfony\\console\\Application.php(193): Symfony\\Component\\Console\\Application->doRun(Object(Symfony\\Component\\Console\\Input\\ArgvInput), Object(Symfony\\Component\\Console\\Output\\ConsoleOutput))
#36 C:\\Users\\JOHN MARK MAGDASAL\\OneDrive\\Desktop\\PHP\\DORMNEST_APP\\vendor\\laravel\\framework\\src\\Illuminate\\Foundation\\Console\\Kernel.php(197): Symfony\\Component\\Console\\Application->run(Object(Symfony\\Component\\Console\\Input\\ArgvInput), Object(Symfony\\Component\\Console\\Output\\ConsoleOutput))
#37 C:\\Users\\JOHN MARK MAGDASAL\\OneDrive\\Desktop\\PHP\\DORMNEST_APP\\vendor\\laravel\\framework\\src\\Illuminate\\Foundation\\Application.php(1234): Illuminate\\Foundation\\Console\\Kernel->handle(Object(Symfony\\Component\\Console\\Input\\ArgvInput), Object(Symfony\\Component\\Console\\Output\\ConsoleOutput))
#38 C:\\Users\\JOHN MARK MAGDASAL\\OneDrive\\Desktop\\PHP\\DORMNEST_APP\\artisan(16): Illuminate\\Foundation\\Application->handleCommand(Object(Symfony\\Component\\Console\\Input\\ArgvInput))
#39 {main}
"} 
[2025-05-21 12:38:00] local.ERROR: SQLSTATE[42P01]: Undefined table: 7 ERROR:  relation "sessions" does not exist
LINE 1: select * from "sessions" where "id" = $1 limit 1
                      ^ (Connection: pgsql, SQL: select * from "sessions" where "id" = jZnYFfmbMvt0LAYGfZ6D4yY2kGrPwnsNAEcqfViI limit 1) {"exception":"[object] (Illuminate\\Database\\QueryException(code: 42P01): SQLSTATE[42P01]: Undefined table: 7 ERROR:  relation \"sessions\" does not exist
LINE 1: select * from \"sessions\" where \"id\" = $1 limit 1
                      ^ (Connection: pgsql, SQL: select * from \"sessions\" where \"id\" = jZnYFfmbMvt0LAYGfZ6D4yY2kGrPwnsNAEcqfViI limit 1) at C:\\Users\\JOHN MARK MAGDASAL\\OneDrive\\Desktop\\PHP\\DORMNEST_APP\\vendor\\laravel\\framework\\src\\Illuminate\\Database\\Connection.php:822)
[stacktrace]
#0 C:\\Users\\JOHN MARK MAGDASAL\\OneDrive\\Desktop\\PHP\\DORMNEST_APP\\vendor\\laravel\\framework\\src\\Illuminate\\Database\\Connection.php(776): Illuminate\\Database\\Connection->runQueryCallback('select * from \"...', Array, Object(Closure))
#1 C:\\Users\\JOHN MARK MAGDASAL\\OneDrive\\Desktop\\PHP\\DORMNEST_APP\\vendor\\laravel\\framework\\src\\Illuminate\\Database\\Connection.php(395): Illuminate\\Database\\Connection->run('select * from \"...', Array, Object(Closure))
#2 C:\\Users\\JOHN MARK MAGDASAL\\OneDrive\\Desktop\\PHP\\DORMNEST_APP\\vendor\\laravel\\framework\\src\\Illuminate\\Database\\Query\\Builder.php(3120): Illuminate\\Database\\Connection->select('select * from \"...', Array, false)
#3 C:\\Users\\JOHN MARK MAGDASAL\\OneDrive\\Desktop\\PHP\\DORMNEST_APP\\vendor\\laravel\\framework\\src\\Illuminate\\Database\\Query\\Builder.php(3105): Illuminate\\Database\\Query\\Builder->runSelect()
#4 C:\\Users\\JOHN MARK MAGDASAL\\OneDrive\\Desktop\\PHP\\DORMNEST_APP\\vendor\\laravel\\framework\\src\\Illuminate\\Database\\Query\\Builder.php(3695): Illuminate\\Database\\Query\\Builder->Illuminate\\Database\\Query\\{closure}()
#5 C:\\Users\\JOHN MARK MAGDASAL\\OneDrive\\Desktop\\PHP\\DORMNEST_APP\\vendor\\laravel\\framework\\src\\Illuminate\\Database\\Query\\Builder.php(3104): Illuminate\\Database\\Query\\Builder->onceWithColumns(Array, Object(Closure))
#6 C:\\Users\\JOHN MARK MAGDASAL\\OneDrive\\Desktop\\PHP\\DORMNEST_APP\\vendor\\laravel\\framework\\src\\Illuminate\\Database\\Concerns\\BuildsQueries.php(366): Illuminate\\Database\\Query\\Builder->get(Array)
#7 C:\\Users\\JOHN MARK MAGDASAL\\OneDrive\\Desktop\\PHP\\DORMNEST_APP\\vendor\\laravel\\framework\\src\\Illuminate\\Database\\Query\\Builder.php(3027): Illuminate\\Database\\Query\\Builder->first(Array)
#8 C:\\Users\\JOHN MARK MAGDASAL\\OneDrive\\Desktop\\PHP\\DORMNEST_APP\\vendor\\laravel\\framework\\src\\Illuminate\\Session\\DatabaseSessionHandler.php(96): Illuminate\\Database\\Query\\Builder->find('jZnYFfmbMvt0LAY...')
#9 C:\\Users\\JOHN MARK MAGDASAL\\OneDrive\\Desktop\\PHP\\DORMNEST_APP\\vendor\\laravel\\framework\\src\\Illuminate\\Session\\Store.php(116): Illuminate\\Session\\DatabaseSessionHandler->read('jZnYFfmbMvt0LAY...')
#10 C:\\Users\\JOHN MARK MAGDASAL\\OneDrive\\Desktop\\PHP\\DORMNEST_APP\\vendor\\laravel\\framework\\src\\Illuminate\\Session\\Store.php(104): Illuminate\\Session\\Store->readFromHandler()
#11 C:\\Users\\JOHN MARK MAGDASAL\\OneDrive\\Desktop\\PHP\\DORMNEST_APP\\vendor\\laravel\\framework\\src\\Illuminate\\Session\\Store.php(88): Illuminate\\Session\\Store->loadSession()
#12 C:\\Users\\JOHN MARK MAGDASAL\\OneDrive\\Desktop\\PHP\\DORMNEST_APP\\vendor\\laravel\\framework\\src\\Illuminate\\Session\\Middleware\\StartSession.php(146): Illuminate\\Session\\Store->start()
#13 C:\\Users\\JOHN MARK MAGDASAL\\OneDrive\\Desktop\\PHP\\DORMNEST_APP\\vendor\\laravel\\framework\\src\\Illuminate\\Support\\helpers.php(399): Illuminate\\Session\\Middleware\\StartSession->Illuminate\\Session\\Middleware\\{closure}(Object(Illuminate\\Session\\Store))
#14 C:\\Users\\JOHN MARK MAGDASAL\\OneDrive\\Desktop\\PHP\\DORMNEST_APP\\vendor\\laravel\\framework\\src\\Illuminate\\Session\\Middleware\\StartSession.php(143): tap(Object(Illuminate\\Session\\Store), Object(Closure))
#15 C:\\Users\\JOHN MARK MAGDASAL\\OneDrive\\Desktop\\PHP\\DORMNEST_APP\\vendor\\laravel\\framework\\src\\Illuminate\\Session\\Middleware\\StartSession.php(115): Illuminate\\Session\\Middleware\\StartSession->startSession(Object(Illuminate\\Http\\Request), Object(Illuminate\\Session\\Store))
#16 C:\\Users\\JOHN MARK MAGDASAL\\OneDrive\\Desktop\\PHP\\DORMNEST_APP\\vendor\\laravel\\framework\\src\\Illuminate\\Session\\Middleware\\StartSession.php(63): Illuminate\\Session\\Middleware\\StartSession->handleStatefulRequest(Object(Illuminate\\Http\\Request), Object(Illuminate\\Session\\Store), Object(Closure))
#17 C:\\Users\\JOHN MARK MAGDASAL\\OneDrive\\Desktop\\PHP\\DORMNEST_APP\\vendor\\laravel\\framework\\src\\Illuminate\\Pipeline\\Pipeline.php(208): Illuminate\\Session\\Middleware\\StartSession->handle(Object(Illuminate\\Http\\Request), Object(Closure))
#18 C:\\Users\\JOHN MARK MAGDASAL\\OneDrive\\Desktop\\PHP\\DORMNEST_APP\\vendor\\laravel\\framework\\src\\Illuminate\\Cookie\\Middleware\\AddQueuedCookiesToResponse.php(36): Illuminate\\Pipeline\\Pipeline->Illuminate\\Pipeline\\{closure}(Object(Illuminate\\Http\\Request))
#19 C:\\Users\\JOHN MARK MAGDASAL\\OneDrive\\Desktop\\PHP\\DORMNEST_APP\\vendor\\laravel\\framework\\src\\Illuminate\\Pipeline\\Pipeline.php(208): Illuminate\\Cookie\\Middleware\\AddQueuedCookiesToResponse->handle(Object(Illuminate\\Http\\Request), Object(Closure))
#20 C:\\Users\\JOHN MARK MAGDASAL\\OneDrive\\Desktop\\PHP\\DORMNEST_APP\\vendor\\laravel\\framework\\src\\Illuminate\\Cookie\\Middleware\\EncryptCookies.php(74): Illuminate\\Pipeline\\Pipeline->Illuminate\\Pipeline\\{closure}(Object(Illuminate\\Http\\Request))
#21 C:\\Users\\JOHN MARK MAGDASAL\\OneDrive\\Desktop\\PHP\\DORMNEST_APP\\vendor\\laravel\\framework\\src\\Illuminate\\Pipeline\\Pipeline.php(208): Illuminate\\Cookie\\Middleware\\EncryptCookies->handle(Object(Illuminate\\Http\\Request), Object(Closure))
#22 C:\\Users\\JOHN MARK MAGDASAL\\OneDrive\\Desktop\\PHP\\DORMNEST_APP\\vendor\\laravel\\framework\\src\\Illuminate\\Pipeline\\Pipeline.php(126): Illuminate\\Pipeline\\Pipeline->Illuminate\\Pipeline\\{closure}(Object(Illuminate\\Http\\Request))
#23 C:\\Users\\JOHN MARK MAGDASAL\\OneDrive\\Desktop\\PHP\\DORMNEST_APP\\vendor\\laravel\\framework\\src\\Illuminate\\Routing\\Router.php(807): Illuminate\\Pipeline\\Pipeline->then(Object(Closure))
#24 C:\\Users\\JOHN MARK MAGDASAL\\OneDrive\\Desktop\\PHP\\DORMNEST_APP\\vendor\\laravel\\framework\\src\\Illuminate\\Routing\\Router.php(786): Illuminate\\Routing\\Router->runRouteWithinStack(Object(Illuminate\\Routing\\Route), Object(Illuminate\\Http\\Request))
#25 C:\\Users\\JOHN MARK MAGDASAL\\OneDrive\\Desktop\\PHP\\DORMNEST_APP\\vendor\\laravel\\framework\\src\\Illuminate\\Routing\\Router.php(750): Illuminate\\Routing\\Router->runRoute(Object(Illuminate\\Http\\Request), Object(Illuminate\\Routing\\Route))
#26 C:\\Users\\JOHN MARK MAGDASAL\\OneDrive\\Desktop\\PHP\\DORMNEST_APP\\vendor\\laravel\\framework\\src\\Illuminate\\Routing\\Router.php(739): Illuminate\\Routing\\Router->dispatchToRoute(Object(Illuminate\\Http\\Request))
#27 C:\\Users\\JOHN MARK MAGDASAL\\OneDrive\\Desktop\\PHP\\DORMNEST_APP\\vendor\\laravel\\framework\\src\\Illuminate\\Foundation\\Http\\Kernel.php(200): Illuminate\\Routing\\Router->dispatch(Object(Illuminate\\Http\\Request))
#28 C:\\Users\\JOHN MARK MAGDASAL\\OneDrive\\Desktop\\PHP\\DORMNEST_APP\\vendor\\laravel\\framework\\src\\Illuminate\\Pipeline\\Pipeline.php(169): Illuminate\\Foundation\\Http\\Kernel->Illuminate\\Foundation\\Http\\{closure}(Object(Illuminate\\Http\\Request))
#29 C:\\Users\\JOHN MARK MAGDASAL\\OneDrive\\Desktop\\PHP\\DORMNEST_APP\\vendor\\laravel\\framework\\src\\Illuminate\\Foundation\\Http\\Middleware\\TransformsRequest.php(21): Illuminate\\Pipeline\\Pipeline->Illuminate\\Pipeline\\{closure}(Object(Illuminate\\Http\\Request))
#30 C:\\Users\\JOHN MARK MAGDASAL\\OneDrive\\Desktop\\PHP\\DORMNEST_APP\\vendor\\laravel\\framework\\src\\Illuminate\\Foundation\\Http\\Middleware\\ConvertEmptyStringsToNull.php(31): Illuminate\\Foundation\\Http\\Middleware\\TransformsRequest->handle(Object(Illuminate\\Http\\Request), Object(Closure))
#31 C:\\Users\\JOHN MARK MAGDASAL\\OneDrive\\Desktop\\PHP\\DORMNEST_APP\\vendor\\laravel\\framework\\src\\Illuminate\\Pipeline\\Pipeline.php(208): Illuminate\\Foundation\\Http\\Middleware\\ConvertEmptyStringsToNull->handle(Object(Illuminate\\Http\\Request), Object(Closure))
#32 C:\\Users\\JOHN MARK MAGDASAL\\OneDrive\\Desktop\\PHP\\DORMNEST_APP\\vendor\\laravel\\framework\\src\\Illuminate\\Foundation\\Http\\Middleware\\TransformsRequest.php(21): Illuminate\\Pipeline\\Pipeline->Illuminate\\Pipeline\\{closure}(Object(Illuminate\\Http\\Request))
#33 C:\\Users\\JOHN MARK MAGDASAL\\OneDrive\\Desktop\\PHP\\DORMNEST_APP\\vendor\\laravel\\framework\\src\\Illuminate\\Foundation\\Http\\Middleware\\TrimStrings.php(51): Illuminate\\Foundation\\Http\\Middleware\\TransformsRequest->handle(Object(Illuminate\\Http\\Request), Object(Closure))
#34 C:\\Users\\JOHN MARK MAGDASAL\\OneDrive\\Desktop\\PHP\\DORMNEST_APP\\vendor\\laravel\\framework\\src\\Illuminate\\Pipeline\\Pipeline.php(208): Illuminate\\Foundation\\Http\\Middleware\\TrimStrings->handle(Object(Illuminate\\Http\\Request), Object(Closure))
#35 C:\\Users\\JOHN MARK MAGDASAL\\OneDrive\\Desktop\\PHP\\DORMNEST_APP\\vendor\\laravel\\framework\\src\\Illuminate\\Http\\Middleware\\ValidatePostSize.php(27): Illuminate\\Pipeline\\Pipeline->Illuminate\\Pipeline\\{closure}(Object(Illuminate\\Http\\Request))
#36 C:\\Users\\JOHN MARK MAGDASAL\\OneDrive\\Desktop\\PHP\\DORMNEST_APP\\vendor\\laravel\\framework\\src\\Illuminate\\Pipeline\\Pipeline.php(208): Illuminate\\Http\\Middleware\\ValidatePostSize->handle(Object(Illuminate\\Http\\Request), Object(Closure))
#37 C:\\Users\\JOHN MARK MAGDASAL\\OneDrive\\Desktop\\PHP\\DORMNEST_APP\\vendor\\laravel\\framework\\src\\Illuminate\\Foundation\\Http\\Middleware\\PreventRequestsDuringMaintenance.php(109): Illuminate\\Pipeline\\Pipeline->Illuminate\\Pipeline\\{closure}(Object(Illuminate\\Http\\Request))
#38 C:\\Users\\JOHN MARK MAGDASAL\\OneDrive\\Desktop\\PHP\\DORMNEST_APP\\vendor\\laravel\\framework\\src\\Illuminate\\Pipeline\\Pipeline.php(208): Illuminate\\Foundation\\Http\\Middleware\\PreventRequestsDuringMaintenance->handle(Object(Illuminate\\Http\\Request), Object(Closure))
#39 C:\\Users\\JOHN MARK MAGDASAL\\OneDrive\\Desktop\\PHP\\DORMNEST_APP\\vendor\\laravel\\framework\\src\\Illuminate\\Http\\Middleware\\HandleCors.php(48): Illuminate\\Pipeline\\Pipeline->Illuminate\\Pipeline\\{closure}(Object(Illuminate\\Http\\Request))
#40 C:\\Users\\JOHN MARK MAGDASAL\\OneDrive\\Desktop\\PHP\\DORMNEST_APP\\vendor\\laravel\\framework\\src\\Illuminate\\Pipeline\\Pipeline.php(208): Illuminate\\Http\\Middleware\\HandleCors->handle(Object(Illuminate\\Http\\Request), Object(Closure))
#41 C:\\Users\\JOHN MARK MAGDASAL\\OneDrive\\Desktop\\PHP\\DORMNEST_APP\\vendor\\laravel\\framework\\src\\Illuminate\\Http\\Middleware\\TrustProxies.php(58): Illuminate\\Pipeline\\Pipeline->Illuminate\\Pipeline\\{closure}(Object(Illuminate\\Http\\Request))
#42 C:\\Users\\JOHN MARK MAGDASAL\\OneDrive\\Desktop\\PHP\\DORMNEST_APP\\vendor\\laravel\\framework\\src\\Illuminate\\Pipeline\\Pipeline.php(208): Illuminate\\Http\\Middleware\\TrustProxies->handle(Object(Illuminate\\Http\\Request), Object(Closure))
#43 C:\\Users\\JOHN MARK MAGDASAL\\OneDrive\\Desktop\\PHP\\DORMNEST_APP\\vendor\\laravel\\framework\\src\\Illuminate\\Foundation\\Http\\Middleware\\InvokeDeferredCallbacks.php(22): Illuminate\\Pipeline\\Pipeline->Illuminate\\Pipeline\\{closure}(Object(Illuminate\\Http\\Request))
#44 C:\\Users\\JOHN MARK MAGDASAL\\OneDrive\\Desktop\\PHP\\DORMNEST_APP\\vendor\\laravel\\framework\\src\\Illuminate\\Pipeline\\Pipeline.php(208): Illuminate\\Foundation\\Http\\Middleware\\InvokeDeferredCallbacks->handle(Object(Illuminate\\Http\\Request), Object(Closure))
#45 C:\\Users\\JOHN MARK MAGDASAL\\OneDrive\\Desktop\\PHP\\DORMNEST_APP\\vendor\\laravel\\framework\\src\\Illuminate\\Http\\Middleware\\ValidatePathEncoding.php(26): Illuminate\\Pipeline\\Pipeline->Illuminate\\Pipeline\\{closure}(Object(Illuminate\\Http\\Request))
#46 C:\\Users\\JOHN MARK MAGDASAL\\OneDrive\\Desktop\\PHP\\DORMNEST_APP\\vendor\\laravel\\framework\\src\\Illuminate\\Pipeline\\Pipeline.php(208): Illuminate\\Http\\Middleware\\ValidatePathEncoding->handle(Object(Illuminate\\Http\\Request), Object(Closure))
#47 C:\\Users\\JOHN MARK MAGDASAL\\OneDrive\\Desktop\\PHP\\DORMNEST_APP\\vendor\\laravel\\framework\\src\\Illuminate\\Pipeline\\Pipeline.php(126): Illuminate\\Pipeline\\Pipeline->Illuminate\\Pipeline\\{closure}(Object(Illuminate\\Http\\Request))
#48 C:\\Users\\JOHN MARK MAGDASAL\\OneDrive\\Desktop\\PHP\\DORMNEST_APP\\vendor\\laravel\\framework\\src\\Illuminate\\Foundation\\Http\\Kernel.php(175): Illuminate\\Pipeline\\Pipeline->then(Object(Closure))
#49 C:\\Users\\JOHN MARK MAGDASAL\\OneDrive\\Desktop\\PHP\\DORMNEST_APP\\vendor\\laravel\\framework\\src\\Illuminate\\Foundation\\Http\\Kernel.php(144): Illuminate\\Foundation\\Http\\Kernel->sendRequestThroughRouter(Object(Illuminate\\Http\\Request))
#50 C:\\Users\\JOHN MARK MAGDASAL\\OneDrive\\Desktop\\PHP\\DORMNEST_APP\\vendor\\laravel\\framework\\src\\Illuminate\\Foundation\\Application.php(1219): Illuminate\\Foundation\\Http\\Kernel->handle(Object(Illuminate\\Http\\Request))
#51 C:\\Users\\JOHN MARK MAGDASAL\\OneDrive\\Desktop\\PHP\\DORMNEST_APP\\public\\index.php(20): Illuminate\\Foundation\\Application->handleRequest(Object(Illuminate\\Http\\Request))
#52 C:\\Users\\JOHN MARK MAGDASAL\\OneDrive\\Desktop\\PHP\\DORMNEST_APP\\vendor\\laravel\\framework\\src\\Illuminate\\Foundation\\resources\\server.php(23): require_once('C:\\\\Users\\\\JOHN M...')
#53 {main}

[previous exception] [object] (PDOException(code: 42P01): SQLSTATE[42P01]: Undefined table: 7 ERROR:  relation \"sessions\" does not exist
LINE 1: select * from \"sessions\" where \"id\" = $1 limit 1
                      ^ at C:\\Users\\JOHN MARK MAGDASAL\\OneDrive\\Desktop\\PHP\\DORMNEST_APP\\vendor\\laravel\\framework\\src\\Illuminate\\Database\\Connection.php:409)
[stacktrace]
#0 C:\\Users\\JOHN MARK MAGDASAL\\OneDrive\\Desktop\\PHP\\DORMNEST_APP\\vendor\\laravel\\framework\\src\\Illuminate\\Database\\Connection.php(409): PDOStatement->execute()
#1 C:\\Users\\JOHN MARK MAGDASAL\\OneDrive\\Desktop\\PHP\\DORMNEST_APP\\vendor\\laravel\\framework\\src\\Illuminate\\Database\\Connection.php(809): Illuminate\\Database\\Connection->Illuminate\\Database\\{closure}('select * from \"...', Array)
#2 C:\\Users\\JOHN MARK MAGDASAL\\OneDrive\\Desktop\\PHP\\DORMNEST_APP\\vendor\\laravel\\framework\\src\\Illuminate\\Database\\Connection.php(776): Illuminate\\Database\\Connection->runQueryCallback('select * from \"...', Array, Object(Closure))
#3 C:\\Users\\JOHN MARK MAGDASAL\\OneDrive\\Desktop\\PHP\\DORMNEST_APP\\vendor\\laravel\\framework\\src\\Illuminate\\Database\\Connection.php(395): Illuminate\\Database\\Connection->run('select * from \"...', Array, Object(Closure))
#4 C:\\Users\\JOHN MARK MAGDASAL\\OneDrive\\Desktop\\PHP\\DORMNEST_APP\\vendor\\laravel\\framework\\src\\Illuminate\\Database\\Query\\Builder.php(3120): Illuminate\\Database\\Connection->select('select * from \"...', Array, false)
#5 C:\\Users\\JOHN MARK MAGDASAL\\OneDrive\\Desktop\\PHP\\DORMNEST_APP\\vendor\\laravel\\framework\\src\\Illuminate\\Database\\Query\\Builder.php(3105): Illuminate\\Database\\Query\\Builder->runSelect()
#6 C:\\Users\\JOHN MARK MAGDASAL\\OneDrive\\Desktop\\PHP\\DORMNEST_APP\\vendor\\laravel\\framework\\src\\Illuminate\\Database\\Query\\Builder.php(3695): Illuminate\\Database\\Query\\Builder->Illuminate\\Database\\Query\\{closure}()
#7 C:\\Users\\JOHN MARK MAGDASAL\\OneDrive\\Desktop\\PHP\\DORMNEST_APP\\vendor\\laravel\\framework\\src\\Illuminate\\Database\\Query\\Builder.php(3104): Illuminate\\Database\\Query\\Builder->onceWithColumns(Array, Object(Closure))
#8 C:\\Users\\JOHN MARK MAGDASAL\\OneDrive\\Desktop\\PHP\\DORMNEST_APP\\vendor\\laravel\\framework\\src\\Illuminate\\Database\\Concerns\\BuildsQueries.php(366): Illuminate\\Database\\Query\\Builder->get(Array)
#9 C:\\Users\\JOHN MARK MAGDASAL\\OneDrive\\Desktop\\PHP\\DORMNEST_APP\\vendor\\laravel\\framework\\src\\Illuminate\\Database\\Query\\Builder.php(3027): Illuminate\\Database\\Query\\Builder->first(Array)
#10 C:\\Users\\JOHN MARK MAGDASAL\\OneDrive\\Desktop\\PHP\\DORMNEST_APP\\vendor\\laravel\\framework\\src\\Illuminate\\Session\\DatabaseSessionHandler.php(96): Illuminate\\Database\\Query\\Builder->find('jZnYFfmbMvt0LAY...')
#11 C:\\Users\\JOHN MARK MAGDASAL\\OneDrive\\Desktop\\PHP\\DORMNEST_APP\\vendor\\laravel\\framework\\src\\Illuminate\\Session\\Store.php(116): Illuminate\\Session\\DatabaseSessionHandler->read('jZnYFfmbMvt0LAY...')
#12 C:\\Users\\JOHN MARK MAGDASAL\\OneDrive\\Desktop\\PHP\\DORMNEST_APP\\vendor\\laravel\\framework\\src\\Illuminate\\Session\\Store.php(104): Illuminate\\Session\\Store->readFromHandler()
#13 C:\\Users\\JOHN MARK MAGDASAL\\OneDrive\\Desktop\\PHP\\DORMNEST_APP\\vendor\\laravel\\framework\\src\\Illuminate\\Session\\Store.php(88): Illuminate\\Session\\Store->loadSession()
#14 C:\\Users\\JOHN MARK MAGDASAL\\OneDrive\\Desktop\\PHP\\DORMNEST_APP\\vendor\\laravel\\framework\\src\\Illuminate\\Session\\Middleware\\StartSession.php(146): Illuminate\\Session\\Store->start()
#15 C:\\Users\\JOHN MARK MAGDASAL\\OneDrive\\Desktop\\PHP\\DORMNEST_APP\\vendor\\laravel\\framework\\src\\Illuminate\\Support\\helpers.php(399): Illuminate\\Session\\Middleware\\StartSession->Illuminate\\Session\\Middleware\\{closure}(Object(Illuminate\\Session\\Store))
#16 C:\\Users\\JOHN MARK MAGDASAL\\OneDrive\\Desktop\\PHP\\DORMNEST_APP\\vendor\\laravel\\framework\\src\\Illuminate\\Session\\Middleware\\StartSession.php(143): tap(Object(Illuminate\\Session\\Store), Object(Closure))
#17 C:\\Users\\JOHN MARK MAGDASAL\\OneDrive\\Desktop\\PHP\\DORMNEST_APP\\vendor\\laravel\\framework\\src\\Illuminate\\Session\\Middleware\\StartSession.php(115): Illuminate\\Session\\Middleware\\StartSession->startSession(Object(Illuminate\\Http\\Request), Object(Illuminate\\Session\\Store))
#18 C:\\Users\\JOHN MARK MAGDASAL\\OneDrive\\Desktop\\PHP\\DORMNEST_APP\\vendor\\laravel\\framework\\src\\Illuminate\\Session\\Middleware\\StartSession.php(63): Illuminate\\Session\\Middleware\\StartSession->handleStatefulRequest(Object(Illuminate\\Http\\Request), Object(Illuminate\\Session\\Store), Object(Closure))
#19 C:\\Users\\JOHN MARK MAGDASAL\\OneDrive\\Desktop\\PHP\\DORMNEST_APP\\vendor\\laravel\\framework\\src\\Illuminate\\Pipeline\\Pipeline.php(208): Illuminate\\Session\\Middleware\\StartSession->handle(Object(Illuminate\\Http\\Request), Object(Closure))
#20 C:\\Users\\JOHN MARK MAGDASAL\\OneDrive\\Desktop\\PHP\\DORMNEST_APP\\vendor\\laravel\\framework\\src\\Illuminate\\Cookie\\Middleware\\AddQueuedCookiesToResponse.php(36): Illuminate\\Pipeline\\Pipeline->Illuminate\\Pipeline\\{closure}(Object(Illuminate\\Http\\Request))
#21 C:\\Users\\JOHN MARK MAGDASAL\\OneDrive\\Desktop\\PHP\\DORMNEST_APP\\vendor\\laravel\\framework\\src\\Illuminate\\Pipeline\\Pipeline.php(208): Illuminate\\Cookie\\Middleware\\AddQueuedCookiesToResponse->handle(Object(Illuminate\\Http\\Request), Object(Closure))
#22 C:\\Users\\JOHN MARK MAGDASAL\\OneDrive\\Desktop\\PHP\\DORMNEST_APP\\vendor\\laravel\\framework\\src\\Illuminate\\Cookie\\Middleware\\EncryptCookies.php(74): Illuminate\\Pipeline\\Pipeline->Illuminate\\Pipeline\\{closure}(Object(Illuminate\\Http\\Request))
#23 C:\\Users\\JOHN MARK MAGDASAL\\OneDrive\\Desktop\\PHP\\DORMNEST_APP\\vendor\\laravel\\framework\\src\\Illuminate\\Pipeline\\Pipeline.php(208): Illuminate\\Cookie\\Middleware\\EncryptCookies->handle(Object(Illuminate\\Http\\Request), Object(Closure))
#24 C:\\Users\\JOHN MARK MAGDASAL\\OneDrive\\Desktop\\PHP\\DORMNEST_APP\\vendor\\laravel\\framework\\src\\Illuminate\\Pipeline\\Pipeline.php(126): Illuminate\\Pipeline\\Pipeline->Illuminate\\Pipeline\\{closure}(Object(Illuminate\\Http\\Request))
#25 C:\\Users\\JOHN MARK MAGDASAL\\OneDrive\\Desktop\\PHP\\DORMNEST_APP\\vendor\\laravel\\framework\\src\\Illuminate\\Routing\\Router.php(807): Illuminate\\Pipeline\\Pipeline->then(Object(Closure))
#26 C:\\Users\\JOHN MARK MAGDASAL\\OneDrive\\Desktop\\PHP\\DORMNEST_APP\\vendor\\laravel\\framework\\src\\Illuminate\\Routing\\Router.php(786): Illuminate\\Routing\\Router->runRouteWithinStack(Object(Illuminate\\Routing\\Route), Object(Illuminate\\Http\\Request))
#27 C:\\Users\\JOHN MARK MAGDASAL\\OneDrive\\Desktop\\PHP\\DORMNEST_APP\\vendor\\laravel\\framework\\src\\Illuminate\\Routing\\Router.php(750): Illuminate\\Routing\\Router->runRoute(Object(Illuminate\\Http\\Request), Object(Illuminate\\Routing\\Route))
#28 C:\\Users\\JOHN MARK MAGDASAL\\OneDrive\\Desktop\\PHP\\DORMNEST_APP\\vendor\\laravel\\framework\\src\\Illuminate\\Routing\\Router.php(739): Illuminate\\Routing\\Router->dispatchToRoute(Object(Illuminate\\Http\\Request))
#29 C:\\Users\\JOHN MARK MAGDASAL\\OneDrive\\Desktop\\PHP\\DORMNEST_APP\\vendor\\laravel\\framework\\src\\Illuminate\\Foundation\\Http\\Kernel.php(200): Illuminate\\Routing\\Router->dispatch(Object(Illuminate\\Http\\Request))
#30 C:\\Users\\JOHN MARK MAGDASAL\\OneDrive\\Desktop\\PHP\\DORMNEST_APP\\vendor\\laravel\\framework\\src\\Illuminate\\Pipeline\\Pipeline.php(169): Illuminate\\Foundation\\Http\\Kernel->Illuminate\\Foundation\\Http\\{closure}(Object(Illuminate\\Http\\Request))
#31 C:\\Users\\JOHN MARK MAGDASAL\\OneDrive\\Desktop\\PHP\\DORMNEST_APP\\vendor\\laravel\\framework\\src\\Illuminate\\Foundation\\Http\\Middleware\\TransformsRequest.php(21): Illuminate\\Pipeline\\Pipeline->Illuminate\\Pipeline\\{closure}(Object(Illuminate\\Http\\Request))
#32 C:\\Users\\JOHN MARK MAGDASAL\\OneDrive\\Desktop\\PHP\\DORMNEST_APP\\vendor\\laravel\\framework\\src\\Illuminate\\Foundation\\Http\\Middleware\\ConvertEmptyStringsToNull.php(31): Illuminate\\Foundation\\Http\\Middleware\\TransformsRequest->handle(Object(Illuminate\\Http\\Request), Object(Closure))
#33 C:\\Users\\JOHN MARK MAGDASAL\\OneDrive\\Desktop\\PHP\\DORMNEST_APP\\vendor\\laravel\\framework\\src\\Illuminate\\Pipeline\\Pipeline.php(208): Illuminate\\Foundation\\Http\\Middleware\\ConvertEmptyStringsToNull->handle(Object(Illuminate\\Http\\Request), Object(Closure))
#34 C:\\Users\\JOHN MARK MAGDASAL\\OneDrive\\Desktop\\PHP\\DORMNEST_APP\\vendor\\laravel\\framework\\src\\Illuminate\\Foundation\\Http\\Middleware\\TransformsRequest.php(21): Illuminate\\Pipeline\\Pipeline->Illuminate\\Pipeline\\{closure}(Object(Illuminate\\Http\\Request))
#35 C:\\Users\\JOHN MARK MAGDASAL\\OneDrive\\Desktop\\PHP\\DORMNEST_APP\\vendor\\laravel\\framework\\src\\Illuminate\\Foundation\\Http\\Middleware\\TrimStrings.php(51): Illuminate\\Foundation\\Http\\Middleware\\TransformsRequest->handle(Object(Illuminate\\Http\\Request), Object(Closure))
#36 C:\\Users\\JOHN MARK MAGDASAL\\OneDrive\\Desktop\\PHP\\DORMNEST_APP\\vendor\\laravel\\framework\\src\\Illuminate\\Pipeline\\Pipeline.php(208): Illuminate\\Foundation\\Http\\Middleware\\TrimStrings->handle(Object(Illuminate\\Http\\Request), Object(Closure))
#37 C:\\Users\\JOHN MARK MAGDASAL\\OneDrive\\Desktop\\PHP\\DORMNEST_APP\\vendor\\laravel\\framework\\src\\Illuminate\\Http\\Middleware\\ValidatePostSize.php(27): Illuminate\\Pipeline\\Pipeline->Illuminate\\Pipeline\\{closure}(Object(Illuminate\\Http\\Request))
#38 C:\\Users\\JOHN MARK MAGDASAL\\OneDrive\\Desktop\\PHP\\DORMNEST_APP\\vendor\\laravel\\framework\\src\\Illuminate\\Pipeline\\Pipeline.php(208): Illuminate\\Http\\Middleware\\ValidatePostSize->handle(Object(Illuminate\\Http\\Request), Object(Closure))
#39 C:\\Users\\JOHN MARK MAGDASAL\\OneDrive\\Desktop\\PHP\\DORMNEST_APP\\vendor\\laravel\\framework\\src\\Illuminate\\Foundation\\Http\\Middleware\\PreventRequestsDuringMaintenance.php(109): Illuminate\\Pipeline\\Pipeline->Illuminate\\Pipeline\\{closure}(Object(Illuminate\\Http\\Request))
#40 C:\\Users\\JOHN MARK MAGDASAL\\OneDrive\\Desktop\\PHP\\DORMNEST_APP\\vendor\\laravel\\framework\\src\\Illuminate\\Pipeline\\Pipeline.php(208): Illuminate\\Foundation\\Http\\Middleware\\PreventRequestsDuringMaintenance->handle(Object(Illuminate\\Http\\Request), Object(Closure))
#41 C:\\Users\\JOHN MARK MAGDASAL\\OneDrive\\Desktop\\PHP\\DORMNEST_APP\\vendor\\laravel\\framework\\src\\Illuminate\\Http\\Middleware\\HandleCors.php(48): Illuminate\\Pipeline\\Pipeline->Illuminate\\Pipeline\\{closure}(Object(Illuminate\\Http\\Request))
#42 C:\\Users\\JOHN MARK MAGDASAL\\OneDrive\\Desktop\\PHP\\DORMNEST_APP\\vendor\\laravel\\framework\\src\\Illuminate\\Pipeline\\Pipeline.php(208): Illuminate\\Http\\Middleware\\HandleCors->handle(Object(Illuminate\\Http\\Request), Object(Closure))
#43 C:\\Users\\JOHN MARK MAGDASAL\\OneDrive\\Desktop\\PHP\\DORMNEST_APP\\vendor\\laravel\\framework\\src\\Illuminate\\Http\\Middleware\\TrustProxies.php(58): Illuminate\\Pipeline\\Pipeline->Illuminate\\Pipeline\\{closure}(Object(Illuminate\\Http\\Request))
#44 C:\\Users\\JOHN MARK MAGDASAL\\OneDrive\\Desktop\\PHP\\DORMNEST_APP\\vendor\\laravel\\framework\\src\\Illuminate\\Pipeline\\Pipeline.php(208): Illuminate\\Http\\Middleware\\TrustProxies->handle(Object(Illuminate\\Http\\Request), Object(Closure))
#45 C:\\Users\\JOHN MARK MAGDASAL\\OneDrive\\Desktop\\PHP\\DORMNEST_APP\\vendor\\laravel\\framework\\src\\Illuminate\\Foundation\\Http\\Middleware\\InvokeDeferredCallbacks.php(22): Illuminate\\Pipeline\\Pipeline->Illuminate\\Pipeline\\{closure}(Object(Illuminate\\Http\\Request))
#46 C:\\Users\\JOHN MARK MAGDASAL\\OneDrive\\Desktop\\PHP\\DORMNEST_APP\\vendor\\laravel\\framework\\src\\Illuminate\\Pipeline\\Pipeline.php(208): Illuminate\\Foundation\\Http\\Middleware\\InvokeDeferredCallbacks->handle(Object(Illuminate\\Http\\Request), Object(Closure))
#47 C:\\Users\\JOHN MARK MAGDASAL\\OneDrive\\Desktop\\PHP\\DORMNEST_APP\\vendor\\laravel\\framework\\src\\Illuminate\\Http\\Middleware\\ValidatePathEncoding.php(26): Illuminate\\Pipeline\\Pipeline->Illuminate\\Pipeline\\{closure}(Object(Illuminate\\Http\\Request))
#48 C:\\Users\\JOHN MARK MAGDASAL\\OneDrive\\Desktop\\PHP\\DORMNEST_APP\\vendor\\laravel\\framework\\src\\Illuminate\\Pipeline\\Pipeline.php(208): Illuminate\\Http\\Middleware\\ValidatePathEncoding->handle(Object(Illuminate\\Http\\Request), Object(Closure))
#49 C:\\Users\\JOHN MARK MAGDASAL\\OneDrive\\Desktop\\PHP\\DORMNEST_APP\\vendor\\laravel\\framework\\src\\Illuminate\\Pipeline\\Pipeline.php(126): Illuminate\\Pipeline\\Pipeline->Illuminate\\Pipeline\\{closure}(Object(Illuminate\\Http\\Request))
#50 C:\\Users\\JOHN MARK MAGDASAL\\OneDrive\\Desktop\\PHP\\DORMNEST_APP\\vendor\\laravel\\framework\\src\\Illuminate\\Foundation\\Http\\Kernel.php(175): Illuminate\\Pipeline\\Pipeline->then(Object(Closure))
#51 C:\\Users\\JOHN MARK MAGDASAL\\OneDrive\\Desktop\\PHP\\DORMNEST_APP\\vendor\\laravel\\framework\\src\\Illuminate\\Foundation\\Http\\Kernel.php(144): Illuminate\\Foundation\\Http\\Kernel->sendRequestThroughRouter(Object(Illuminate\\Http\\Request))
#52 C:\\Users\\JOHN MARK MAGDASAL\\OneDrive\\Desktop\\PHP\\DORMNEST_APP\\vendor\\laravel\\framework\\src\\Illuminate\\Foundation\\Application.php(1219): Illuminate\\Foundation\\Http\\Kernel->handle(Object(Illuminate\\Http\\Request))
#53 C:\\Users\\JOHN MARK MAGDASAL\\OneDrive\\Desktop\\PHP\\DORMNEST_APP\\public\\index.php(20): Illuminate\\Foundation\\Application->handleRequest(Object(Illuminate\\Http\\Request))
#54 C:\\Users\\JOHN MARK MAGDASAL\\OneDrive\\Desktop\\PHP\\DORMNEST_APP\\vendor\\laravel\\framework\\src\\Illuminate\\Foundation\\resources\\server.php(23): require_once('C:\\\\Users\\\\JOHN M...')
#55 {main}
"} 
